<?xml version="1.0" encoding="utf-8"?>
<TestRun id="29a66c67-38f4-4a22-9a71-574db65cab46" name="Helder@DESKTOP-FM24HFT 2026-04-11 23:29:47" runUser="DESKTOP-FM24HFT\Helder" xmlns="http://microsoft.com/schemas/VisualStudio/TeamTest/2010">
  <Times creation="2026-04-11T23:29:47.1909598+01:00" queuing="2026-04-11T23:29:47.1909604+01:00" start="2026-04-11T23:29:46.1146364+01:00" finish="2026-04-11T23:29:52.5905256+01:00" />
  <TestSettings name="default" id="612fafaa-dc32-472f-9bf2-5edf5ff8bd35">
    <Deployment runDeploymentRoot="Helder_DESKTOP-FM24HFT_2026-04-11_23_29_47" />
  </TestSettings>
  <Results>
    <UnitTestResult executionId="4e07bedf-45e3-4f1b-83e3-466dd0f2e3f7" testId="d9197835-b0ea-eaab-df95-a6fdd513b7c0" testName="FilmAholic.Tests.UnitTests.GameHistoryUnitTests.GetLeaderboard_RanksAreSequentialFromOne" computerName="DESKTOP-FM24HFT" duration="00:00:00.0077155" startTime="2026-04-11T23:29:48.5377979+01:00" endTime="2026-04-11T23:29:48.5377981+01:00" testType="13cdc9d9-ddb5-4fa4-a97d-d965ccfc6d4b" outcome="Passed" testListId="8c84fa94-04c1-424b-9868-57a2d4851a1d" relativeResultsDirectory="4e07bedf-45e3-4f1b-83e3-466dd0f2e3f7" />
    <UnitTestResult executionId="fc408da5-1326-4847-9c28-87a7aa1c7ec6" testId="7a3c17ac-97f4-1b86-f8e1-68558e6459ff" testName="FilmAholic.Tests.UnitTests.NotificacoesUnitTests.MarcarNovaEstreiaComoLida_DeveCriarNotificacaoLida_QuandoNaoExiste" computerName="DESKTOP-FM24HFT" duration="00:00:00.0122472" startTime="2026-04-11T23:29:48.3671238+01:00" endTime="2026-04-11T23:29:48.3671240+01:00" testType="13cdc9d9-ddb5-4fa4-a97d-d965ccfc6d4b" outcome="Passed" testListId="8c84fa94-04c1-424b-9868-57a2d4851a1d" relativeResultsDirectory="fc408da5-1326-4847-9c28-87a7aa1c7ec6" />
    <UnitTestResult executionId="397758ae-d2fb-4ba1-8746-5127e565f581" testId="f6007479-70cc-d1d4-55f2-2b7ddb23f735" testName="FilmAholic.Tests.BoundaryTests.CommentsBoundaryTests.Comments_Vote_VotoInvalido_DeveRetornarBadRequest" computerName="DESKTOP-FM24HFT" duration="00:00:00.0023019" startTime="2026-04-11T23:29:48.4304852+01:00" endTime="2026-04-11T23:29:48.4304852+01:00" testType="13cdc9d9-ddb5-4fa4-a97d-d965ccfc6d4b" outcome="Passed" testListId="8c84fa94-04c1-424b-9868-57a2d4851a1d" relativeResultsDirectory="397758ae-d2fb-4ba1-8746-5127e565f581" />
    <UnitTestResult executionId="a631f4b2-8add-4cac-bd14-9f4c12a85501" testId="6e19dcd9-d8a5-1d47-b353-b9ac53b14483" testName="FilmAholic.Tests.BoundaryTests.NotificacoesBoundaryTests.GetProximasEstreias_DeveRespeitarWindowDaysBoundary(inputWindow: 0, expectedWindow: 60)" computerName="DESKTOP-FM24HFT" duration="00:00:00.0022889" startTime="2026-04-11T23:29:48.6006969+01:00" endTime="2026-04-11T23:29:48.6006971+01:00" testType="13cdc9d9-ddb5-4fa4-a97d-d965ccfc6d4b" outcome="Passed" testListId="8c84fa94-04c1-424b-9868-57a2d4851a1d" relativeResultsDirectory="a631f4b2-8add-4cac-bd14-9f4c12a85501" />
    <UnitTestResult executionId="99ba5957-f2e4-459e-8929-315d8483cec0" testId="25ab7f92-1a6f-431f-3061-067a765d5a1e" testName="FilmAholic.Tests.UnitTests.MovieRatingsTests.DeveRemover_RatingComSucesso" computerName="DESKTOP-FM24HFT" duration="00:00:00.0065898" startTime="2026-04-11T23:29:48.3723497+01:00" endTime="2026-04-11T23:29:48.3723498+01:00" testType="13cdc9d9-ddb5-4fa4-a97d-d965ccfc6d4b" outcome="Passed" testListId="8c84fa94-04c1-424b-9868-57a2d4851a1d" relativeResultsDirectory="99ba5957-f2e4-459e-8929-315d8483cec0" />
    <UnitTestResult executionId="a8945b51-a125-4ed9-a141-871d357a3d8c" testId="9d462816-ed37-22ac-cd79-fac0b6a27e91" testName="FilmAholic.Tests.BoundaryTests.NotificacoesBoundaryTests.GetResumoEstatisticasFeed_DeveRespeitarLimitBoundary(inputLimit: 25, expectedLimit: 20)" computerName="DESKTOP-FM24HFT" duration="00:00:00.0044468" startTime="2026-04-11T23:29:48.4304222+01:00" endTime="2026-04-11T23:29:48.4304223+01:00" testType="13cdc9d9-ddb5-4fa4-a97d-d965ccfc6d4b" outcome="Passed" testListId="8c84fa94-04c1-424b-9868-57a2d4851a1d" relativeResultsDirectory="a8945b51-a125-4ed9-a141-871d357a3d8c" />
    <UnitTestResult executionId="236b1edd-8ff3-4c33-9484-3ad01839b1da" testId="2953eacb-de74-2e84-a6c3-2b9925cb8e0c" testName="FilmAholic.Tests.DataIntegrityTests.GameHistoryDataIntegrityTests.SaveResult_MultipleGames_AllPersisted" computerName="DESKTOP-FM24HFT" duration="00:00:00.0375154" startTime="2026-04-11T23:29:48.5130475+01:00" endTime="2026-04-11T23:29:48.5130477+01:00" testType="13cdc9d9-ddb5-4fa4-a97d-d965ccfc6d4b" outcome="Passed" testListId="8c84fa94-04c1-424b-9868-57a2d4851a1d" relativeResultsDirectory="236b1edd-8ff3-4c33-9484-3ad01839b1da" />
    <UnitTestResult executionId="661b4d68-1aa6-440d-887d-5ae8f614386f" testId="44f15902-19c0-8a9f-8aa1-c4bb36226261" testName="FilmAholic.Tests.DataIntegrityTests.RatingDataIntegrityTests.Rating_ComFilmeInexistente_DeveSerDetectado" computerName="DESKTOP-FM24HFT" duration="00:00:01.1556586" startTime="2026-04-11T23:29:48.2800561+01:00" endTime="2026-04-11T23:29:48.2800565+01:00" testType="13cdc9d9-ddb5-4fa4-a97d-d965ccfc6d4b" outcome="Passed" testListId="8c84fa94-04c1-424b-9868-57a2d4851a1d" relativeResultsDirectory="661b4d68-1aa6-440d-887d-5ae8f614386f" />
    <UnitTestResult executionId="d16ceb75-2cfe-41b0-a11f-6e09ed155465" testId="9c34f729-c057-94a5-1b7a-22d2d77704ee" testName="FilmAholic.Tests.UnitTests.GameHistoryUnitTests.XPFormula_ScoreBelow5_StreakSystem(score: 4, expectedXp: 32)" computerName="DESKTOP-FM24HFT" duration="00:00:00.0068259" startTime="2026-04-11T23:29:48.4739938+01:00" endTime="2026-04-11T23:29:48.4739939+01:00" testType="13cdc9d9-ddb5-4fa4-a97d-d965ccfc6d4b" outcome="Passed" testListId="8c84fa94-04c1-424b-9868-57a2d4851a1d" relativeResultsDirectory="d16ceb75-2cfe-41b0-a11f-6e09ed155465" />
    <UnitTestResult executionId="f25cad8d-e811-4cb7-93ef-3dbfe26f7f86" testId="192ff100-599a-7104-3caa-cae3b548e3fb" testName="FilmAholic.Tests.BoundaryTests.NotificacoesBoundaryTests.PutPreferenciasNotificacao_DeveValidarFrequencias(frequencia: &quot;Imediata&quot;, deveSerValida: True)" computerName="DESKTOP-FM24HFT" duration="00:00:00.0023191" startTime="2026-04-11T23:29:48.2817702+01:00" endTime="2026-04-11T23:29:48.2817704+01:00" testType="13cdc9d9-ddb5-4fa4-a97d-d965ccfc6d4b" outcome="Passed" testListId="8c84fa94-04c1-424b-9868-57a2d4851a1d" relativeResultsDirectory="f25cad8d-e811-4cb7-93ef-3dbfe26f7f86" />
    <UnitTestResult executionId="76f72b79-08c9-48db-8046-35abd3d0b6a2" testId="f930668c-ed63-e82e-a43c-fcadf3409635" testName="FilmAholic.Tests.UnitTests.ComunidadesUnitTests.CastigarMembro_DeveAplicarCastigo" computerName="DESKTOP-FM24HFT" duration="00:00:00.0035814" startTime="2026-04-11T23:29:48.6397709+01:00" endTime="2026-04-11T23:29:48.6397711+01:00" testType="13cdc9d9-ddb5-4fa4-a97d-d965ccfc6d4b" outcome="Passed" testListId="8c84fa94-04c1-424b-9868-57a2d4851a1d" relativeResultsDirectory="76f72b79-08c9-48db-8046-35abd3d0b6a2" />
    <UnitTestResult executionId="149eff2f-c5db-4850-ba82-ef79e7a7479a" testId="ffdc9fce-fb7d-8af3-655e-dece6c7d4103" testName="FilmAholic.Tests.BoundaryTests.ComunidadesBoundaryTests.Create_DeveAceitarDescricoesValidas(descricao: &quot;Descrição normal da comunidade&quot;)" computerName="DESKTOP-FM24HFT" duration="00:00:00.0009195" startTime="2026-04-11T23:29:48.5797043+01:00" endTime="2026-04-11T23:29:48.5797044+01:00" testType="13cdc9d9-ddb5-4fa4-a97d-d965ccfc6d4b" outcome="Passed" testListId="8c84fa94-04c1-424b-9868-57a2d4851a1d" relativeResultsDirectory="149eff2f-c5db-4850-ba82-ef79e7a7479a" />
    <UnitTestResult executionId="4cfd5d2d-09d4-48bd-a5ce-d1537c40f74a" testId="80e75a1d-0687-f7de-dd34-6267f288a556" testName="FilmAholic.Tests.ErrorHandlingTests.MovieRatingsErrorHandlingTests.MovieRatings_Upsert_ScoreInvalido_DeveRetornarBadRequest" computerName="DESKTOP-FM24HFT" duration="00:00:00.0031957" startTime="2026-04-11T23:29:48.2929722+01:00" endTime="2026-04-11T23:29:48.2929723+01:00" testType="13cdc9d9-ddb5-4fa4-a97d-d965ccfc6d4b" outcome="Passed" testListId="8c84fa94-04c1-424b-9868-57a2d4851a1d" relativeResultsDirectory="4cfd5d2d-09d4-48bd-a5ce-d1537c40f74a" />
    <UnitTestResult executionId="b694f5de-158d-48df-ae92-1cba36d013ca" testId="d27f500c-708a-042a-d425-1f46fbebce76" testName="FilmAholic.Tests.BoundaryTests.ProfileBoundaryTests.Profile_Update_BioMaximaPermitida_DeveGravarComSucesso" computerName="DESKTOP-FM24HFT" duration="00:00:01.2525880" startTime="2026-04-11T23:29:48.3777175+01:00" endTime="2026-04-11T23:29:48.3777175+01:00" testType="13cdc9d9-ddb5-4fa4-a97d-d965ccfc6d4b" outcome="Passed" testListId="8c84fa94-04c1-424b-9868-57a2d4851a1d" relativeResultsDirectory="b694f5de-158d-48df-ae92-1cba36d013ca" />
    <UnitTestResult executionId="da63f651-63cb-461a-82d5-d51c66458887" testId="054cd26b-23f5-1806-b597-435b5ff5ef0d" testName="FilmAholic.Tests.UnitTests.CinemaMoviesComponentTests.CinemaMoviesComponent_ShouldHandleLoadingError" computerName="DESKTOP-FM24HFT" duration="00:00:00.0005792" startTime="2026-04-11T23:29:47.1606734+01:00" endTime="2026-04-11T23:29:47.1606735+01:00" testType="13cdc9d9-ddb5-4fa4-a97d-d965ccfc6d4b" outcome="Passed" testListId="8c84fa94-04c1-424b-9868-57a2d4851a1d" relativeResultsDirectory="da63f651-63cb-461a-82d5-d51c66458887" />
    <UnitTestResult executionId="cb73ab24-4144-4e46-a1e0-090f09881332" testId="23b3a1ee-d33a-87c0-566f-fac4a4afdbea" testName="FilmAholic.Tests.DataIntegrityTests.GameHistoryDataIntegrityTests.GetLeaderboard_ShowsBestScorePerUser" computerName="DESKTOP-FM24HFT" duration="00:00:00.0057536" startTime="2026-04-11T23:29:48.5329879+01:00" endTime="2026-04-11T23:29:48.5329880+01:00" testType="13cdc9d9-ddb5-4fa4-a97d-d965ccfc6d4b" outcome="Passed" testListId="8c84fa94-04c1-424b-9868-57a2d4851a1d" relativeResultsDirectory="cb73ab24-4144-4e46-a1e0-090f09881332" />
    <UnitTestResult executionId="3787872c-fc69-418b-b35d-83ba9c5f7f42" testId="70f398e1-942c-e16e-ce16-95288faefc90" testName="FilmAholic.Tests.ErrorHandlingTests.CinemaMoviesErrorHandlingTests.SearchTmdb_TituloNulo_DeveRetornarNotFound" computerName="DESKTOP-FM24HFT" duration="00:00:00.1740302" startTime="2026-04-11T23:29:47.2936869+01:00" endTime="2026-04-11T23:29:47.2936872+01:00" testType="13cdc9d9-ddb5-4fa4-a97d-d965ccfc6d4b" outcome="Passed" testListId="8c84fa94-04c1-424b-9868-57a2d4851a1d" relativeResultsDirectory="3787872c-fc69-418b-b35d-83ba9c5f7f42" />
    <UnitTestResult executionId="7373c7b3-5585-46bb-b036-411b87144a07" testId="6dae253b-24e6-ce16-2e34-42f8d199927d" testName="FilmAholic.Tests.BoundaryTests.NotificacoesBoundaryTests.PutPreferenciasNotificacao_DeveValidarResumoFrequencias(frequencia: &quot;Mensal&quot;, deveSerValida: False)" computerName="DESKTOP-FM24HFT" duration="00:00:00.0008681" startTime="2026-04-11T23:29:48.5734065+01:00" endTime="2026-04-11T23:29:48.5734065+01:00" testType="13cdc9d9-ddb5-4fa4-a97d-d965ccfc6d4b" outcome="Passed" testListId="8c84fa94-04c1-424b-9868-57a2d4851a1d" relativeResultsDirectory="7373c7b3-5585-46bb-b036-411b87144a07" />
    <UnitTestResult executionId="ec0ab147-c1c8-453b-8e81-7903925ced74" testId="d4246fdb-7bed-e4fc-0cb9-3627dbc981e5" testName="FilmAholic.Tests.UnitTests.GameHistoryUnitTests.NivelCalculation_XPThresholds_CorrectLevel(startingXp: 244, expectedNivel: 2)" computerName="DESKTOP-FM24HFT" duration="00:00:00.0014112" startTime="2026-04-11T23:29:48.4544837+01:00" endTime="2026-04-11T23:29:48.4544838+01:00" testType="13cdc9d9-ddb5-4fa4-a97d-d965ccfc6d4b" outcome="Passed" testListId="8c84fa94-04c1-424b-9868-57a2d4851a1d" relativeResultsDirectory="ec0ab147-c1c8-453b-8e81-7903925ced74" />
    <UnitTestResult executionId="28bb27a0-c694-4147-ac8e-5f866ea3811b" testId="429efb92-e263-1126-e60f-03ad1da4b7eb" testName="FilmAholic.Tests.UnitTests.NotificacoesUnitTests.PutPreferenciasNotificacao_DeveRetornarBadRequest_QuandoFrequenciaInvalida" computerName="DESKTOP-FM24HFT" duration="00:00:00.0023956" startTime="2026-04-11T23:29:48.3544356+01:00" endTime="2026-04-11T23:29:48.3544358+01:00" testType="13cdc9d9-ddb5-4fa4-a97d-d965ccfc6d4b" outcome="Passed" testListId="8c84fa94-04c1-424b-9868-57a2d4851a1d" relativeResultsDirectory="28bb27a0-c694-4147-ac8e-5f866ea3811b" />
    <UnitTestResult executionId="338973de-b472-4105-9e51-72a819276296" testId="91ced8a7-0610-f68c-311d-3a63c7e2c637" testName="FilmAholic.Tests.BoundaryTests.ProfileBoundaryTests.Profile_UpdateFavorites_ListaVazia_DeveGravarComSucesso" computerName="DESKTOP-FM24HFT" duration="00:00:00.0039379" startTime="2026-04-11T23:29:48.4095305+01:00" endTime="2026-04-11T23:29:48.4095306+01:00" testType="13cdc9d9-ddb5-4fa4-a97d-d965ccfc6d4b" outcome="Passed" testListId="8c84fa94-04c1-424b-9868-57a2d4851a1d" relativeResultsDirectory="338973de-b472-4105-9e51-72a819276296" />
    <UnitTestResult executionId="e97d397d-10e6-48e2-915b-e70be6895695" testId="61387c6c-9aac-b3ac-6f0d-3f11ec4fea64" testName="FilmAholic.Tests.DataIntegrityTests.NotificacoesDataIntegrityTests.Notificacao_FilmeDeveExistirParaNovaEstreia" computerName="DESKTOP-FM24HFT" duration="00:00:00.0721468" startTime="2026-04-11T23:29:48.4279666+01:00" endTime="2026-04-11T23:29:48.4279667+01:00" testType="13cdc9d9-ddb5-4fa4-a97d-d965ccfc6d4b" outcome="Passed" testListId="8c84fa94-04c1-424b-9868-57a2d4851a1d" relativeResultsDirectory="e97d397d-10e6-48e2-915b-e70be6895695" />
    <UnitTestResult executionId="e8284d7a-7f4d-4ea9-a1b5-e9583d5cfaa1" testId="e0da5e5a-475b-be6c-8d29-65c8d651662c" testName="FilmAholic.Tests.UnitTests.UserMoviesAndCommentsTests.DeveDesmarcar_JaViuComoFalse" computerName="DESKTOP-FM24HFT" duration="00:00:00.0032429" startTime="2026-04-11T23:29:48.4720855+01:00" endTime="2026-04-11T23:29:48.4720855+01:00" testType="13cdc9d9-ddb5-4fa4-a97d-d965ccfc6d4b" outcome="Passed" testListId="8c84fa94-04c1-424b-9868-57a2d4851a1d" relativeResultsDirectory="e8284d7a-7f4d-4ea9-a1b5-e9583d5cfaa1" />
    <UnitTestResult executionId="1c987ad3-144d-4747-aa31-cc825748b9bf" testId="61682eb1-548a-e78d-ac70-ec54775e6f11" testName="FilmAholic.Tests.BoundaryTests.NotificacoesBoundaryTests.PutPreferenciasNotificacao_DeveValidarResumoFrequencias(frequencia: &quot;diaria&quot;, deveSerValida: True)" computerName="DESKTOP-FM24HFT" duration="00:00:00.0012500" startTime="2026-04-11T23:29:48.5761323+01:00" endTime="2026-04-11T23:29:48.5761324+01:00" testType="13cdc9d9-ddb5-4fa4-a97d-d965ccfc6d4b" outcome="Passed" testListId="8c84fa94-04c1-424b-9868-57a2d4851a1d" relativeResultsDirectory="1c987ad3-144d-4747-aa31-cc825748b9bf" />
    <UnitTestResult executionId="b9167542-026b-4439-8303-c8dda2d6852a" testId="79f4b15c-711b-7b14-06b7-12a4cb74f225" testName="FilmAholic.Tests.ErrorHandlingTests.ComunidadesErrorHandlingTests.GetPedidosEntrada_SemSerAdmin_DeveRetornarForbid" computerName="DESKTOP-FM24HFT" duration="00:00:00.0069943" startTime="2026-04-11T23:29:48.5265595+01:00" endTime="2026-04-11T23:29:48.5265598+01:00" testType="13cdc9d9-ddb5-4fa4-a97d-d965ccfc6d4b" outcome="Passed" testListId="8c84fa94-04c1-424b-9868-57a2d4851a1d" relativeResultsDirectory="b9167542-026b-4439-8303-c8dda2d6852a" />
    <UnitTestResult executionId="e6943622-949f-480d-b0fc-e8c95e0ea351" testId="8cfbc3e3-3177-92c9-b69e-2f5d1f267268" testName="FilmAholic.Tests.ErrorHandlingTests.CommentsErrorHandlingTests.Comments_Create_FilmeNaoExistente_DeveRetornarNotFound" computerName="DESKTOP-FM24HFT" duration="00:00:00.0018230" startTime="2026-04-11T23:29:48.3745976+01:00" endTime="2026-04-11T23:29:48.3745977+01:00" testType="13cdc9d9-ddb5-4fa4-a97d-d965ccfc6d4b" outcome="Passed" testListId="8c84fa94-04c1-424b-9868-57a2d4851a1d" relativeResultsDirectory="e6943622-949f-480d-b0fc-e8c95e0ea351" />
    <UnitTestResult executionId="1cd53376-db19-43be-80cf-b868c16da36d" testId="7b82ce3a-0dcd-9cf2-a602-727273f7856a" testName="FilmAholic.Tests.BoundaryTests.SearchBoundaryTests.SearchMovies_BuscaVazia_DeveRetornarBadRequest" computerName="DESKTOP-FM24HFT" duration="00:00:00.0164488" startTime="2026-04-11T23:29:48.4478694+01:00" endTime="2026-04-11T23:29:48.4478696+01:00" testType="13cdc9d9-ddb5-4fa4-a97d-d965ccfc6d4b" outcome="Passed" testListId="8c84fa94-04c1-424b-9868-57a2d4851a1d" relativeResultsDirectory="1cd53376-db19-43be-80cf-b868c16da36d" />
    <UnitTestResult executionId="ef56e137-6e5f-4cf6-b463-b1bf0d44f848" testId="15f9e45c-5ed4-e787-e530-0949592aadc4" testName="FilmAholic.Tests.BoundaryTests.NotificacoesBoundaryTests.GetNovaEstreia_DeveRespeitarLimitBoundary(inputLimit: 5, expectedLimit: 5)" computerName="DESKTOP-FM24HFT" duration="00:00:00.0034196" startTime="2026-04-11T23:29:48.3778058+01:00" endTime="2026-04-11T23:29:48.3778059+01:00" testType="13cdc9d9-ddb5-4fa4-a97d-d965ccfc6d4b" outcome="Passed" testListId="8c84fa94-04c1-424b-9868-57a2d4851a1d" relativeResultsDirectory="ef56e137-6e5f-4cf6-b463-b1bf0d44f848" />
    <UnitTestResult executionId="9b5a2d00-9525-479f-820e-7cf5d28adfb7" testId="1fe9e27a-fe5a-2c69-a758-6fd2e4abb889" testName="FilmAholic.Tests.UnitTests.NotificacoesUnitTests.GetFrequencyInterval_DeveRetornarValoresCorretos(frequencia: &quot;semanal&quot;, expectedDays: 7)" computerName="DESKTOP-FM24HFT" duration="00:00:00.0004404" startTime="2026-04-11T23:29:48.3035388+01:00" endTime="2026-04-11T23:29:48.3035389+01:00" testType="13cdc9d9-ddb5-4fa4-a97d-d965ccfc6d4b" outcome="Passed" testListId="8c84fa94-04c1-424b-9868-57a2d4851a1d" relativeResultsDirectory="9b5a2d00-9525-479f-820e-7cf5d28adfb7" />
    <UnitTestResult executionId="32d404a0-0aae-4615-be08-7059de35fff6" testId="7d691ff1-76b5-1e0f-1c52-bb33c1a00fd5" testName="FilmAholic.Tests.UnitTests.GameHistoryUnitTests.XPFormula_ScoreFiveToNine_StreakWithBonus(score: 9, expectedXp: 127)" computerName="DESKTOP-FM24HFT" duration="00:00:00.0009140" startTime="2026-04-11T23:29:48.5090377+01:00" endTime="2026-04-11T23:29:48.5090379+01:00" testType="13cdc9d9-ddb5-4fa4-a97d-d965ccfc6d4b" outcome="Passed" testListId="8c84fa94-04c1-424b-9868-57a2d4851a1d" relativeResultsDirectory="32d404a0-0aae-4615-be08-7059de35fff6" />
    <UnitTestResult executionId="e4d3311f-6aba-40c0-9e18-0762d40af8d6" testId="8ea67dbb-10f8-0c55-beb3-eee5ad71ac85" testName="FilmAholic.Tests.BoundaryTests.NotificacoesBoundaryTests.GetNovaEstreia_DeveRespeitarLimitBoundary(inputLimit: -5, expectedLimit: 5)" computerName="DESKTOP-FM24HFT" duration="00:00:00.0030420" startTime="2026-04-11T23:29:48.3808506+01:00" endTime="2026-04-11T23:29:48.3808509+01:00" testType="13cdc9d9-ddb5-4fa4-a97d-d965ccfc6d4b" outcome="Passed" testListId="8c84fa94-04c1-424b-9868-57a2d4851a1d" relativeResultsDirectory="e4d3311f-6aba-40c0-9e18-0762d40af8d6" />
    <UnitTestResult executionId="7906b306-6694-4d5b-a651-4986046cbd09" testId="8e07b90d-1a0d-002b-a0fd-0bdddd8b2d8e" testName="FilmAholic.Tests.UnitTests.ComunidadesUnitTests.Sair_DeveRemoverMembro" computerName="DESKTOP-FM24HFT" duration="00:00:00.0159280" startTime="2026-04-11T23:29:48.5679486+01:00" endTime="2026-04-11T23:29:48.5679488+01:00" testType="13cdc9d9-ddb5-4fa4-a97d-d965ccfc6d4b" outcome="Passed" testListId="8c84fa94-04c1-424b-9868-57a2d4851a1d" relativeResultsDirectory="7906b306-6694-4d5b-a651-4986046cbd09" />
    <UnitTestResult executionId="403afab4-d7fe-4485-99b7-dcb5e2b40fd0" testId="c33e5cf3-0024-912c-194f-59ea5c6b7d15" testName="FilmAholic.Tests.UnitTests.SearchUnitTests.SearchFiltros_CamposVazios_DeveIgnorarFiltrosVazios" computerName="DESKTOP-FM24HFT" duration="00:00:00.0020231" startTime="2026-04-11T23:29:48.3731008+01:00" endTime="2026-04-11T23:29:48.3731009+01:00" testType="13cdc9d9-ddb5-4fa4-a97d-d965ccfc6d4b" outcome="Passed" testListId="8c84fa94-04c1-424b-9868-57a2d4851a1d" relativeResultsDirectory="403afab4-d7fe-4485-99b7-dcb5e2b40fd0" />
    <UnitTestResult executionId="d9ff6e04-eebf-4d65-9e5e-7a4c45930757" testId="6e859ee5-53af-71f0-9ed9-7fec3f9707df" testName="FilmAholic.Tests.BoundaryTests.NotificacoesBoundaryTests.GetNovaEstreia_DeveRespeitarMaxAnoAheadBoundary(inputMaxAno: -5, expectedMaxAno: 0)" computerName="DESKTOP-FM24HFT" duration="00:00:00.0648119" startTime="2026-04-11T23:29:48.3562759+01:00" endTime="2026-04-11T23:29:48.3562760+01:00" testType="13cdc9d9-ddb5-4fa4-a97d-d965ccfc6d4b" outcome="Passed" testListId="8c84fa94-04c1-424b-9868-57a2d4851a1d" relativeResultsDirectory="d9ff6e04-eebf-4d65-9e5e-7a4c45930757" />
    <UnitTestResult executionId="137bdcdc-930c-4bb9-9e1c-47c98b03a96b" testId="bb6b9f2e-d1ee-684a-d51b-ef6ec73a279b" testName="FilmAholic.Tests.BoundaryTests.ComunidadesBoundaryTests.CastigarMembro_DeveAceitarHorasValidas(horas: 168)" computerName="DESKTOP-FM24HFT" duration="00:00:00.0015110" startTime="2026-04-11T23:29:48.6245459+01:00" endTime="2026-04-11T23:29:48.6245461+01:00" testType="13cdc9d9-ddb5-4fa4-a97d-d965ccfc6d4b" outcome="Passed" testListId="8c84fa94-04c1-424b-9868-57a2d4851a1d" relativeResultsDirectory="137bdcdc-930c-4bb9-9e1c-47c98b03a96b" />
    <UnitTestResult executionId="85aa8e39-5ac3-4e63-8dd8-25bdb9174d5e" testId="002f6dc9-62e5-6924-92fd-2f2a3df7fb53" testName="FilmAholic.Tests.BoundaryTests.ComunidadesBoundaryTests.Update_DeveValidarReducaoLimiteMembros(novoLimite: 10, deveFalhar: False)" computerName="DESKTOP-FM24HFT" duration="00:00:00.0065092" startTime="2026-04-11T23:29:49.7707283+01:00" endTime="2026-04-11T23:29:49.7707286+01:00" testType="13cdc9d9-ddb5-4fa4-a97d-d965ccfc6d4b" outcome="Passed" testListId="8c84fa94-04c1-424b-9868-57a2d4851a1d" relativeResultsDirectory="85aa8e39-5ac3-4e63-8dd8-25bdb9174d5e" />
    <UnitTestResult executionId="e83e7225-eb4c-4bfd-bf09-b8021ae15c6f" testId="73592db3-051c-5609-fc80-22f9999fe5c1" testName="FilmAholic.Tests.UnitTests.NotificacoesUnitTests.GetResumoEstatisticasFeed_DeveRetornarVazio_QuandoDesativado" computerName="DESKTOP-FM24HFT" duration="00:00:00.9704662" startTime="2026-04-11T23:29:48.2793061+01:00" endTime="2026-04-11T23:29:48.2793064+01:00" testType="13cdc9d9-ddb5-4fa4-a97d-d965ccfc6d4b" outcome="Passed" testListId="8c84fa94-04c1-424b-9868-57a2d4851a1d" relativeResultsDirectory="e83e7225-eb4c-4bfd-bf09-b8021ae15c6f" />
    <UnitTestResult executionId="a5da66a4-4ca7-429b-a351-60857ac2ce38" testId="0194969d-d4ef-af48-4e8e-c72d53a1c6c9" testName="FilmAholic.Tests.DataIntegrityTests.NotificacoesDataIntegrityTests.Preferencias_CriacaoPadrao_DeveTerValoresCorretos" computerName="DESKTOP-FM24HFT" duration="00:00:00.0018915" startTime="2026-04-11T23:29:48.5500048+01:00" endTime="2026-04-11T23:29:48.5500050+01:00" testType="13cdc9d9-ddb5-4fa4-a97d-d965ccfc6d4b" outcome="Passed" testListId="8c84fa94-04c1-424b-9868-57a2d4851a1d" relativeResultsDirectory="a5da66a4-4ca7-429b-a351-60857ac2ce38" />
    <UnitTestResult executionId="31402d3e-88ec-49c7-9b8d-b6fb5d92b57d" testId="fbf815c1-90c2-7b28-f685-24bac84be101" testName="FilmAholic.Tests.BoundaryTests.CinemaProximosBoundaryTests.ToggleCinemaFavorito_EmptyCinemaId_ReturnsBadRequest" computerName="DESKTOP-FM24HFT" duration="00:00:01.0771374" startTime="2026-04-11T23:29:48.1968647+01:00" endTime="2026-04-11T23:29:48.1968650+01:00" testType="13cdc9d9-ddb5-4fa4-a97d-d965ccfc6d4b" outcome="Passed" testListId="8c84fa94-04c1-424b-9868-57a2d4851a1d" relativeResultsDirectory="31402d3e-88ec-49c7-9b8d-b6fb5d92b57d" />
    <UnitTestResult executionId="6443b72f-6133-4084-89f7-015800c55f33" testId="67968fba-28f7-d0aa-7d2a-7546be404504" testName="FilmAholic.Tests.ErrorHandlingTests.ComunidadesErrorHandlingTests.Juntar_JaEhMembro_DeveRetornarConflict" computerName="DESKTOP-FM24HFT" duration="00:00:00.0566973" startTime="2026-04-11T23:29:48.3653229+01:00" endTime="2026-04-11T23:29:48.3653231+01:00" testType="13cdc9d9-ddb5-4fa4-a97d-d965ccfc6d4b" outcome="Passed" testListId="8c84fa94-04c1-424b-9868-57a2d4851a1d" relativeResultsDirectory="6443b72f-6133-4084-89f7-015800c55f33" />
    <UnitTestResult executionId="868c4222-8663-4b49-92e9-83f3d33ba778" testId="1a14e034-bffd-fcab-13af-fc0b564e14b5" testName="FilmAholic.Tests.BoundaryTests.ComunidadesBoundaryTests.Create_DeveRejeitarNomesInvalidos(nome: &quot;   &quot;)" computerName="DESKTOP-FM24HFT" duration="00:00:00.0004306" startTime="2026-04-11T23:29:49.7543042+01:00" endTime="2026-04-11T23:29:49.7543044+01:00" testType="13cdc9d9-ddb5-4fa4-a97d-d965ccfc6d4b" outcome="Passed" testListId="8c84fa94-04c1-424b-9868-57a2d4851a1d" relativeResultsDirectory="868c4222-8663-4b49-92e9-83f3d33ba778" />
    <UnitTestResult executionId="3992277d-0c4b-4f76-9819-16b93d6d31ce" testId="36047341-c617-1e59-d3fc-a85d37b49654" testName="FilmAholic.Tests.BoundaryTests.NotificacoesBoundaryTests.GetProximasEstreias_DeveRespeitarWindowDaysBoundary(inputWindow: -10, expectedWindow: 60)" computerName="DESKTOP-FM24HFT" duration="00:00:00.0024545" startTime="2026-04-11T23:29:48.6032375+01:00" endTime="2026-04-11T23:29:48.6032377+01:00" testType="13cdc9d9-ddb5-4fa4-a97d-d965ccfc6d4b" outcome="Passed" testListId="8c84fa94-04c1-424b-9868-57a2d4851a1d" relativeResultsDirectory="3992277d-0c4b-4f76-9819-16b93d6d31ce" />
    <UnitTestResult executionId="1238aa92-4b61-429b-bddc-d8433463c969" testId="6db597ff-4d85-89a0-e001-3cefd9ca48e2" testName="FilmAholic.Tests.BoundaryTests.ComunidadesBoundaryTests.CastigarMembro_DeveAceitarHorasValidas(horas: 1)" computerName="DESKTOP-FM24HFT" duration="00:00:00.0016654" startTime="2026-04-11T23:29:48.6229647+01:00" endTime="2026-04-11T23:29:48.6229650+01:00" testType="13cdc9d9-ddb5-4fa4-a97d-d965ccfc6d4b" outcome="Passed" testListId="8c84fa94-04c1-424b-9868-57a2d4851a1d" relativeResultsDirectory="1238aa92-4b61-429b-bddc-d8433463c969" />
    <UnitTestResult executionId="e293a9e3-0008-4873-80d3-49741260fd58" testId="7d83e81b-4860-197f-0afa-ec412d8c72d0" testName="FilmAholic.Tests.BoundaryTests.ComunidadesBoundaryTests.GetSugestoesFilmesComunidade_DeveRespeitarLimitBoundary(inputLimit: -5)" computerName="DESKTOP-FM24HFT" duration="00:00:00.0022804" startTime="2026-04-11T23:29:48.5752460+01:00" endTime="2026-04-11T23:29:48.5752461+01:00" testType="13cdc9d9-ddb5-4fa4-a97d-d965ccfc6d4b" outcome="Passed" testListId="8c84fa94-04c1-424b-9868-57a2d4851a1d" relativeResultsDirectory="e293a9e3-0008-4873-80d3-49741260fd58" />
    <UnitTestResult executionId="55b70896-6842-4c21-a3b3-3059fb319a8f" testId="f0b0d473-6d8b-802b-4b36-67879cef4acb" testName="FilmAholic.Tests.DataIntegrityTests.GameHistoryDataIntegrityTests.GetMyHistory_ReturnsOnlyOwnEntries" computerName="DESKTOP-FM24HFT" duration="00:00:00.0034113" startTime="2026-04-11T23:29:48.4059591+01:00" endTime="2026-04-11T23:29:48.4059593+01:00" testType="13cdc9d9-ddb5-4fa4-a97d-d965ccfc6d4b" outcome="Passed" testListId="8c84fa94-04c1-424b-9868-57a2d4851a1d" relativeResultsDirectory="55b70896-6842-4c21-a3b3-3059fb319a8f" />
    <UnitTestResult executionId="694d8d59-a47e-4ba9-bcdc-0d1f88e38b18" testId="4d145971-28b7-2780-da49-18fca1e1a177" testName="FilmAholic.Tests.ErrorHandlingTests.MovieRatingsErrorHandlingTests.MovieRatings_Get_FilmeNaoExistente_DeveRetornarNotFound" computerName="DESKTOP-FM24HFT" duration="00:00:00.0038417" startTime="2026-04-11T23:29:48.3034684+01:00" endTime="2026-04-11T23:29:48.3034686+01:00" testType="13cdc9d9-ddb5-4fa4-a97d-d965ccfc6d4b" outcome="Passed" testListId="8c84fa94-04c1-424b-9868-57a2d4851a1d" relativeResultsDirectory="694d8d59-a47e-4ba9-bcdc-0d1f88e38b18" />
    <UnitTestResult executionId="7ac00d62-9557-4088-96e4-1bda94e4c2a0" testId="379e96b0-cc80-ad61-a18f-d6d00d8f4c02" testName="FilmAholic.Tests.DataIntegrityTests.GameHistoryDataIntegrityTests.SaveResult_XPDiarioIsUpdated" computerName="DESKTOP-FM24HFT" duration="00:00:00.0020450" startTime="2026-04-11T23:29:48.4222156+01:00" endTime="2026-04-11T23:29:48.4222157+01:00" testType="13cdc9d9-ddb5-4fa4-a97d-d965ccfc6d4b" outcome="Passed" testListId="8c84fa94-04c1-424b-9868-57a2d4851a1d" relativeResultsDirectory="7ac00d62-9557-4088-96e4-1bda94e4c2a0" />
    <UnitTestResult executionId="8e4d5b50-9df8-43f2-a4c2-a74c1df881e9" testId="0defaabc-5a1a-2795-360a-1387ee16a6a9" testName="FilmAholic.Tests.DataIntegrityTests.CinemaMoviesDataIntegrityTests.GetFilmesEmCartaz_MockDataCinemaFiltering_DeveSepararCorretamentePorCinema" computerName="DESKTOP-FM24HFT" duration="00:00:00.0020512" startTime="2026-04-11T23:29:47.1608069+01:00" endTime="2026-04-11T23:29:47.1608070+01:00" testType="13cdc9d9-ddb5-4fa4-a97d-d965ccfc6d4b" outcome="Passed" testListId="8c84fa94-04c1-424b-9868-57a2d4851a1d" relativeResultsDirectory="8e4d5b50-9df8-43f2-a4c2-a74c1df881e9" />
    <UnitTestResult executionId="bc642d56-d59d-42a8-ad80-72802f0aa1e4" testId="9f05fb17-cb54-0581-77f0-00ed74ac05a4" testName="FilmAholic.Tests.ErrorHandlingTests.ComunidadesErrorHandlingTests.Update_ComunidadeInexistente_DeveRetornarForbid" computerName="DESKTOP-FM24HFT" duration="00:00:00.0027081" startTime="2026-04-11T23:29:48.5293441+01:00" endTime="2026-04-11T23:29:48.5293442+01:00" testType="13cdc9d9-ddb5-4fa4-a97d-d965ccfc6d4b" outcome="Passed" testListId="8c84fa94-04c1-424b-9868-57a2d4851a1d" relativeResultsDirectory="bc642d56-d59d-42a8-ad80-72802f0aa1e4" />
    <UnitTestResult executionId="8e0fe1fe-09c6-4065-8a00-82e408289578" testId="124bf1d2-246b-acef-f758-c754a5ab2e43" testName="FilmAholic.Tests.BoundaryTests.CinemaProximosBoundaryTests.GetCinemasProximos_Coordinates_AreValid" computerName="DESKTOP-FM24HFT" duration="00:00:00.0043879" startTime="2026-04-11T23:29:48.2042569+01:00" endTime="2026-04-11T23:29:48.2042576+01:00" testType="13cdc9d9-ddb5-4fa4-a97d-d965ccfc6d4b" outcome="Passed" testListId="8c84fa94-04c1-424b-9868-57a2d4851a1d" relativeResultsDirectory="8e0fe1fe-09c6-4065-8a00-82e408289578" />
    <UnitTestResult executionId="06521f62-28fa-42cd-8104-051e0a9e09d0" testId="8af65df5-409d-63b1-9fb7-53531fc0cab3" testName="FilmAholic.Tests.BoundaryTests.NotificacoesBoundaryTests.PutPreferenciasNotificacao_DeveValidarFrequencias(frequencia: &quot;Mensal&quot;, deveSerValida: False)" computerName="DESKTOP-FM24HFT" duration="00:00:00.0006133" startTime="2026-04-11T23:29:48.2887716+01:00" endTime="2026-04-11T23:29:48.2887718+01:00" testType="13cdc9d9-ddb5-4fa4-a97d-d965ccfc6d4b" outcome="Passed" testListId="8c84fa94-04c1-424b-9868-57a2d4851a1d" relativeResultsDirectory="06521f62-28fa-42cd-8104-051e0a9e09d0" />
    <UnitTestResult executionId="a912082e-3781-4b92-b4c7-6f5d6aa7b7ee" testId="066dbdcb-1398-5ff4-5b94-9ad317692837" testName="FilmAholic.Tests.UnitTests.NotificacoesUnitTests.GetFrequencyInterval_DeveRetornarValoresCorretos(frequencia: &quot;imediata&quot;, expectedDays: 0)" computerName="DESKTOP-FM24HFT" duration="00:00:00.0000033" startTime="2026-04-11T23:29:48.3037152+01:00" endTime="2026-04-11T23:29:48.3037153+01:00" testType="13cdc9d9-ddb5-4fa4-a97d-d965ccfc6d4b" outcome="Passed" testListId="8c84fa94-04c1-424b-9868-57a2d4851a1d" relativeResultsDirectory="a912082e-3781-4b92-b4c7-6f5d6aa7b7ee" />
    <UnitTestResult executionId="ef924207-d50b-417b-802c-a19a532b2d04" testId="626c8386-fd53-4f08-4d64-75b52c52ac04" testName="FilmAholic.Tests.ErrorHandlingTests.CinemaMoviesErrorHandlingTests.SearchTmdb_TituloVazio_DeveRetornarNotFound" computerName="DESKTOP-FM24HFT" duration="00:00:00.3994988" startTime="2026-04-11T23:29:52.4306573+01:00" endTime="2026-04-11T23:29:52.4306576+01:00" testType="13cdc9d9-ddb5-4fa4-a97d-d965ccfc6d4b" outcome="Passed" testListId="8c84fa94-04c1-424b-9868-57a2d4851a1d" relativeResultsDirectory="ef924207-d50b-417b-802c-a19a532b2d04" />
    <UnitTestResult executionId="22f80b96-ccbc-45e9-9955-b5eaa8e2efdc" testId="4122dac2-1170-1aea-aa07-6a568f9d883b" testName="FilmAholic.Tests.ErrorHandlingTests.CinemaMoviesErrorHandlingTests.GetFilmesEmCartaz_ConfiguracaoAusente_DeveRetornarMockData" computerName="DESKTOP-FM24HFT" duration="00:00:00.0508356" startTime="2026-04-11T23:29:52.4817213+01:00" endTime="2026-04-11T23:29:52.4817216+01:00" testType="13cdc9d9-ddb5-4fa4-a97d-d965ccfc6d4b" outcome="Passed" testListId="8c84fa94-04c1-424b-9868-57a2d4851a1d" relativeResultsDirectory="22f80b96-ccbc-45e9-9955-b5eaa8e2efdc" />
    <UnitTestResult executionId="179e1d11-4536-49c8-921b-ec88140f8a6f" testId="9f2cb2ce-d891-7067-3a80-08f19b1189a4" testName="FilmAholic.Tests.BoundaryTests.NotificacoesBoundaryTests.GetNotificacoesComunidadeFeed_DeveRespeitarLimitBoundary(inputLimit: 20, expectedLimit: 20)" computerName="DESKTOP-FM24HFT" duration="00:00:00.0114755" startTime="2026-04-11T23:29:48.5619899+01:00" endTime="2026-04-11T23:29:48.5619902+01:00" testType="13cdc9d9-ddb5-4fa4-a97d-d965ccfc6d4b" outcome="Passed" testListId="8c84fa94-04c1-424b-9868-57a2d4851a1d" relativeResultsDirectory="179e1d11-4536-49c8-921b-ec88140f8a6f" />
    <UnitTestResult executionId="11bc8eeb-4f8b-474d-affd-bcc12f310e59" testId="5e39faf8-9c26-aaeb-da8a-f68e7d8c81fd" testName="FilmAholic.Tests.BoundaryTests.NotificacoesBoundaryTests.GetNotificacoesComunidadeFeed_DeveRespeitarLimitBoundary(inputLimit: -5, expectedLimit: 0)" computerName="DESKTOP-FM24HFT" duration="00:00:00.0051914" startTime="2026-04-11T23:29:48.5672695+01:00" endTime="2026-04-11T23:29:48.5672699+01:00" testType="13cdc9d9-ddb5-4fa4-a97d-d965ccfc6d4b" outcome="Passed" testListId="8c84fa94-04c1-424b-9868-57a2d4851a1d" relativeResultsDirectory="11bc8eeb-4f8b-474d-affd-bcc12f310e59" />
    <UnitTestResult executionId="e72f342a-4e3b-4dc2-a3ff-f7e329f720b7" testId="cd8f8a7a-3203-7f5a-8483-c830ab52f4ed" testName="FilmAholic.Tests.BoundaryTests.GameHistoryBoundaryTests.SaveResult_ScoreZero_GrantsNoXP" computerName="DESKTOP-FM24HFT" duration="00:00:00.0031392" startTime="2026-04-11T23:29:48.4042804+01:00" endTime="2026-04-11T23:29:48.4042805+01:00" testType="13cdc9d9-ddb5-4fa4-a97d-d965ccfc6d4b" outcome="Passed" testListId="8c84fa94-04c1-424b-9868-57a2d4851a1d" relativeResultsDirectory="e72f342a-4e3b-4dc2-a3ff-f7e329f720b7" />
    <UnitTestResult executionId="a97b860a-4162-454e-a987-ae5c304d81ce" testId="275d0136-cf69-8dcd-cd21-c849ec044c44" testName="FilmAholic.Tests.BoundaryTests.NotificacoesBoundaryTests.PutPreferenciasNotificacao_DeveValidarResumoFrequencias(frequencia: &quot;Diaria&quot;, deveSerValida: True)" computerName="DESKTOP-FM24HFT" duration="00:00:00.0013148" startTime="2026-04-11T23:29:48.5713098+01:00" endTime="2026-04-11T23:29:48.5713099+01:00" testType="13cdc9d9-ddb5-4fa4-a97d-d965ccfc6d4b" outcome="Passed" testListId="8c84fa94-04c1-424b-9868-57a2d4851a1d" relativeResultsDirectory="a97b860a-4162-454e-a987-ae5c304d81ce" />
    <UnitTestResult executionId="e428e722-bd24-4cf2-9412-98ccf178fffa" testId="4932e384-ff7b-e27c-768a-6e1f78d9468a" testName="FilmAholic.Tests.BoundaryTests.GameHistoryBoundaryTests.SaveResult_AfterMidnightReset_AllowsNewXP" computerName="DESKTOP-FM24HFT" duration="00:00:01.1553279" startTime="2026-04-11T23:29:48.2752646+01:00" endTime="2026-04-11T23:29:48.2752649+01:00" testType="13cdc9d9-ddb5-4fa4-a97d-d965ccfc6d4b" outcome="Passed" testListId="8c84fa94-04c1-424b-9868-57a2d4851a1d" relativeResultsDirectory="e428e722-bd24-4cf2-9412-98ccf178fffa" />
    <UnitTestResult executionId="aff4038d-9f1e-49da-9444-45a2971a7d46" testId="66b2384e-09f3-51f3-f8eb-4fdf1767b090" testName="FilmAholic.Tests.UnitTests.ComunidadesUnitTests.GetPedidosEntrada_DeveRetornarForbid_QuandoNaoAdmin" computerName="DESKTOP-FM24HFT" duration="00:00:00.0065906" startTime="2026-04-11T23:29:48.6301825+01:00" endTime="2026-04-11T23:29:48.6301825+01:00" testType="13cdc9d9-ddb5-4fa4-a97d-d965ccfc6d4b" outcome="Passed" testListId="8c84fa94-04c1-424b-9868-57a2d4851a1d" relativeResultsDirectory="aff4038d-9f1e-49da-9444-45a2971a7d46" />
    <UnitTestResult executionId="264e9d3a-58e6-4984-832c-1de1e856f03a" testId="f55ebfaf-9cbc-06d1-2a49-2e4d82a8fca3" testName="FilmAholic.Tests.BoundaryTests.NotificacoesBoundaryTests.PutPreferenciasNotificacao_DeveValidarFrequencias(frequencia: &quot;&quot;, deveSerValida: False)" computerName="DESKTOP-FM24HFT" duration="00:00:00.0006194" startTime="2026-04-11T23:29:48.2873843+01:00" endTime="2026-04-11T23:29:48.2873845+01:00" testType="13cdc9d9-ddb5-4fa4-a97d-d965ccfc6d4b" outcome="Passed" testListId="8c84fa94-04c1-424b-9868-57a2d4851a1d" relativeResultsDirectory="264e9d3a-58e6-4984-832c-1de1e856f03a" />
    <UnitTestResult executionId="df5886e0-f11f-4434-a39c-7e515a5c0834" testId="6d3f068e-9fa8-8b30-20aa-717a26e131d9" testName="FilmAholic.Tests.BoundaryTests.NotificacoesBoundaryTests.GetProximasEstreias_DeveRespeitarWindowDaysBoundary(inputWindow: 1, expectedWindow: 1)" computerName="DESKTOP-FM24HFT" duration="00:00:00.0030102" startTime="2026-04-11T23:29:48.5960333+01:00" endTime="2026-04-11T23:29:48.5960334+01:00" testType="13cdc9d9-ddb5-4fa4-a97d-d965ccfc6d4b" outcome="Passed" testListId="8c84fa94-04c1-424b-9868-57a2d4851a1d" relativeResultsDirectory="df5886e0-f11f-4434-a39c-7e515a5c0834" />
    <UnitTestResult executionId="206f0dbf-e18e-4c40-837f-fb18655bc95f" testId="178d08e0-793e-278d-d46f-a1cf551a47d0" testName="FilmAholic.Tests.ErrorHandlingTests.ComunidadesErrorHandlingTests.Juntar_SemAuth_DeveRetornarUnauthorized" computerName="DESKTOP-FM24HFT" duration="00:00:00.0022341" startTime="2026-04-11T23:29:48.4296477+01:00" endTime="2026-04-11T23:29:48.4296479+01:00" testType="13cdc9d9-ddb5-4fa4-a97d-d965ccfc6d4b" outcome="Passed" testListId="8c84fa94-04c1-424b-9868-57a2d4851a1d" relativeResultsDirectory="206f0dbf-e18e-4c40-837f-fb18655bc95f" />
    <UnitTestResult executionId="1a2d4d46-2de9-422e-b40e-dabe99dfee46" testId="4517548c-e66c-f6dc-8ab6-1c6c73fd2f99" testName="FilmAholic.Tests.ErrorHandlingTests.NotificacoesErrorHandlingTests.GetResumoEstatisticasFeed_CorpoJSONInvalido_NaoDeveFalhar" computerName="DESKTOP-FM24HFT" duration="00:00:00.0698950" startTime="2026-04-11T23:29:48.4259808+01:00" endTime="2026-04-11T23:29:48.4259809+01:00" testType="13cdc9d9-ddb5-4fa4-a97d-d965ccfc6d4b" outcome="Passed" testListId="8c84fa94-04c1-424b-9868-57a2d4851a1d" relativeResultsDirectory="1a2d4d46-2de9-422e-b40e-dabe99dfee46" />
    <UnitTestResult executionId="ab868d8f-2628-4ded-aae8-24fec4018bff" testId="def823f1-6d42-0fdd-3ef0-b66720eaab23" testName="FilmAholic.Tests.UnitTests.UserMoviesAndCommentsTests.DeveMarcar_WatchLaterComoTrue" computerName="DESKTOP-FM24HFT" duration="00:00:00.0380633" startTime="2026-04-11T23:29:48.4581630+01:00" endTime="2026-04-11T23:29:48.4581632+01:00" testType="13cdc9d9-ddb5-4fa4-a97d-d965ccfc6d4b" outcome="Passed" testListId="8c84fa94-04c1-424b-9868-57a2d4851a1d" relativeResultsDirectory="ab868d8f-2628-4ded-aae8-24fec4018bff" />
    <UnitTestResult executionId="7b59a9cf-01af-4455-9731-dc942033e942" testId="bd3b5869-afd0-afa5-5371-2728a8432a73" testName="FilmAholic.Tests.ErrorHandlingTests.CinemaProximosErrorHandlingTests.ToggleCinemaFavorito_NotAuthenticated_ReturnsUnauthorized" computerName="DESKTOP-FM24HFT" duration="00:00:00.0033335" startTime="2026-04-11T23:29:47.2997815+01:00" endTime="2026-04-11T23:29:47.2997818+01:00" testType="13cdc9d9-ddb5-4fa4-a97d-d965ccfc6d4b" outcome="Passed" testListId="8c84fa94-04c1-424b-9868-57a2d4851a1d" relativeResultsDirectory="7b59a9cf-01af-4455-9731-dc942033e942" />
    <UnitTestResult executionId="0b702791-abcf-444d-80b0-809d0ef6848e" testId="21a76ce0-1e6a-e455-5371-bb631b56e758" testName="FilmAholic.Tests.BoundaryTests.ComunidadesBoundaryTests.BanirMembro_DeveAceitarDuracoesValidas(duracaoDias: 1)" computerName="DESKTOP-FM24HFT" duration="00:00:00.0017810" startTime="2026-04-11T23:29:48.6043632+01:00" endTime="2026-04-11T23:29:48.6043633+01:00" testType="13cdc9d9-ddb5-4fa4-a97d-d965ccfc6d4b" outcome="Passed" testListId="8c84fa94-04c1-424b-9868-57a2d4851a1d" relativeResultsDirectory="0b702791-abcf-444d-80b0-809d0ef6848e" />
    <UnitTestResult executionId="a113143f-6b7b-4de4-8d8d-64567e1f2cdc" testId="b59510f8-4f9b-1938-9123-d2aabf772843" testName="FilmAholic.Tests.DataIntegrityTests.CommentDataIntegrityTests.Comment_Deletion_DeveRemoverTodosVotos" computerName="DESKTOP-FM24HFT" duration="00:00:00.0260898" startTime="2026-04-11T23:29:48.5956755+01:00" endTime="2026-04-11T23:29:48.5956758+01:00" testType="13cdc9d9-ddb5-4fa4-a97d-d965ccfc6d4b" outcome="Passed" testListId="8c84fa94-04c1-424b-9868-57a2d4851a1d" relativeResultsDirectory="a113143f-6b7b-4de4-8d8d-64567e1f2cdc" />
    <UnitTestResult executionId="0d986266-6d92-40ca-aefd-a2557d68f191" testId="1d7b2d21-08b1-2c7d-7a1e-e5e7cea119f3" testName="FilmAholic.Tests.UnitTests.NotificacoesUnitTests.GetFrequencyInterval_DeveRetornarValoresCorretos(frequencia: &quot;diaria&quot;, expectedDays: 1)" computerName="DESKTOP-FM24HFT" duration="00:00:00.0000038" startTime="2026-04-11T23:29:48.3036783+01:00" endTime="2026-04-11T23:29:48.3036784+01:00" testType="13cdc9d9-ddb5-4fa4-a97d-d965ccfc6d4b" outcome="Passed" testListId="8c84fa94-04c1-424b-9868-57a2d4851a1d" relativeResultsDirectory="0d986266-6d92-40ca-aefd-a2557d68f191" />
    <UnitTestResult executionId="e9b19633-5c36-4dc5-8770-eb2a0fec0358" testId="df513a2d-7227-b424-1d2a-4a5d6ebe11e6" testName="FilmAholic.Tests.DataIntegrityTests.UserDataIntegrityTests.User_Deletion_DeveRemoverTodosComentarios" computerName="DESKTOP-FM24HFT" duration="00:00:00.0703737" startTime="2026-04-11T23:29:48.5358990+01:00" endTime="2026-04-11T23:29:48.5358993+01:00" testType="13cdc9d9-ddb5-4fa4-a97d-d965ccfc6d4b" outcome="Passed" testListId="8c84fa94-04c1-424b-9868-57a2d4851a1d" relativeResultsDirectory="e9b19633-5c36-4dc5-8770-eb2a0fec0358" />
    <UnitTestResult executionId="cba4bc24-734f-4c46-beca-abe42ae358b4" testId="008306dc-437a-f739-0a36-1f32f1677898" testName="FilmAholic.Tests.DataIntegrityTests.UserDataIntegrityTests.User_Deletion_DeveRemoverUserMovies" computerName="DESKTOP-FM24HFT" duration="00:00:00.0179249" startTime="2026-04-11T23:29:48.4730499+01:00" endTime="2026-04-11T23:29:48.4730500+01:00" testType="13cdc9d9-ddb5-4fa4-a97d-d965ccfc6d4b" outcome="Passed" testListId="8c84fa94-04c1-424b-9868-57a2d4851a1d" relativeResultsDirectory="cba4bc24-734f-4c46-beca-abe42ae358b4" />
    <UnitTestResult executionId="6b774926-2457-4058-be65-96e31449b82a" testId="81eb5d9f-4d02-3513-d481-d3313c3ec116" testName="FilmAholic.Tests.DataIntegrityTests.CinemaMoviesDataIntegrityTests.GetFilmesEmCartaz_MockDataLinkConsistency_DeveTerLinksValidosPorCinema" computerName="DESKTOP-FM24HFT" duration="00:00:00.0183531" startTime="2026-04-11T23:29:47.1603968+01:00" endTime="2026-04-11T23:29:47.1603970+01:00" testType="13cdc9d9-ddb5-4fa4-a97d-d965ccfc6d4b" outcome="Passed" testListId="8c84fa94-04c1-424b-9868-57a2d4851a1d" relativeResultsDirectory="6b774926-2457-4058-be65-96e31449b82a" />
    <UnitTestResult executionId="41205e0c-50db-4f9c-a6c6-41dfa9fe192e" testId="a163b41a-d2d4-6120-4ec9-289a0769a8a6" testName="FilmAholic.Tests.UnitTests.NotificacoesUnitTests.MarcarNovaEstreiaComoLida_DeveMarcarNotificacaoExistente" computerName="DESKTOP-FM24HFT" duration="00:00:00.0037562" startTime="2026-04-11T23:29:48.4731615+01:00" endTime="2026-04-11T23:29:48.4731616+01:00" testType="13cdc9d9-ddb5-4fa4-a97d-d965ccfc6d4b" outcome="Passed" testListId="8c84fa94-04c1-424b-9868-57a2d4851a1d" relativeResultsDirectory="41205e0c-50db-4f9c-a6c6-41dfa9fe192e" />
    <UnitTestResult executionId="a9089d6f-db09-42f9-8e26-0ca9daf41da6" testId="26d4bdde-59a1-756a-8d86-a901f69cbc91" testName="FilmAholic.Tests.BoundaryTests.GameHistoryBoundaryTests.SaveResult_ScoreTen_GrantsCorrectXPWithStreakBonus" computerName="DESKTOP-FM24HFT" duration="00:00:00.0019466" startTime="2026-04-11T23:29:48.4139801+01:00" endTime="2026-04-11T23:29:48.4139804+01:00" testType="13cdc9d9-ddb5-4fa4-a97d-d965ccfc6d4b" outcome="Passed" testListId="8c84fa94-04c1-424b-9868-57a2d4851a1d" relativeResultsDirectory="a9089d6f-db09-42f9-8e26-0ca9daf41da6" />
    <UnitTestResult executionId="edf0b2e7-6185-407c-88c9-2215faa83e3d" testId="a4126491-9841-5ac4-6def-700215766618" testName="FilmAholic.Tests.DataIntegrityTests.NotificacoesDataIntegrityTests.Preferencias_NaoDevePermitirFrequenciasInvalidasNaBD" computerName="DESKTOP-FM24HFT" duration="00:00:00.0445956" startTime="2026-04-11T23:29:48.2882622+01:00" endTime="2026-04-11T23:29:48.2882623+01:00" testType="13cdc9d9-ddb5-4fa4-a97d-d965ccfc6d4b" outcome="Passed" testListId="8c84fa94-04c1-424b-9868-57a2d4851a1d" relativeResultsDirectory="edf0b2e7-6185-407c-88c9-2215faa83e3d" />
    <UnitTestResult executionId="0eb81104-f0e1-4ebe-b7a2-d3e94c2d5f72" testId="ba1abf65-ffe1-1aa7-1076-d152b59855db" testName="FilmAholic.Tests.BoundaryTests.CinemaProximosBoundaryTests.GetCinemasProximos_Count_IsCorrect" computerName="DESKTOP-FM24HFT" duration="00:00:00.0006091" startTime="2026-04-11T23:29:48.1996346+01:00" endTime="2026-04-11T23:29:48.1996347+01:00" testType="13cdc9d9-ddb5-4fa4-a97d-d965ccfc6d4b" outcome="Passed" testListId="8c84fa94-04c1-424b-9868-57a2d4851a1d" relativeResultsDirectory="0eb81104-f0e1-4ebe-b7a2-d3e94c2d5f72" />
    <UnitTestResult executionId="cd43a6c3-73b3-4fa8-b01f-78d380822f28" testId="b721128b-a18d-34fa-0396-2c28d96b1060" testName="FilmAholic.Tests.UnitTests.ProfileTests.DeveDesmarcar_FavoritoComoFalse" computerName="DESKTOP-FM24HFT" duration="00:00:00.0304245" startTime="2026-04-11T23:29:48.4074723+01:00" endTime="2026-04-11T23:29:48.4074724+01:00" testType="13cdc9d9-ddb5-4fa4-a97d-d965ccfc6d4b" outcome="Passed" testListId="8c84fa94-04c1-424b-9868-57a2d4851a1d" relativeResultsDirectory="cd43a6c3-73b3-4fa8-b01f-78d380822f28" />
    <UnitTestResult executionId="1ec59df4-e941-4216-9f60-4e39a6e2a81d" testId="d21cbc19-178c-81cf-f733-1d61a873a77d" testName="FilmAholic.Tests.DataIntegrityTests.CinemaProximosDataIntegrityTests.Cinemas_Names_AreUnique" computerName="DESKTOP-FM24HFT" duration="00:00:00.0012401" startTime="2026-04-11T23:29:48.4523983+01:00" endTime="2026-04-11T23:29:48.4523984+01:00" testType="13cdc9d9-ddb5-4fa4-a97d-d965ccfc6d4b" outcome="Passed" testListId="8c84fa94-04c1-424b-9868-57a2d4851a1d" relativeResultsDirectory="1ec59df4-e941-4216-9f60-4e39a6e2a81d" />
    <UnitTestResult executionId="84f140b0-77f3-42f9-889a-2270ede0c482" testId="d2fa7282-59e1-b979-7a7a-157f97f95fa3" testName="FilmAholic.Tests.UnitTests.CinemaMoviesComponentTests.CinemaMoviesComponent_ShouldNavigateToCinemaLinks" computerName="DESKTOP-FM24HFT" duration="00:00:00.0054626" startTime="2026-04-11T23:29:47.1407234+01:00" endTime="2026-04-11T23:29:47.1407674+01:00" testType="13cdc9d9-ddb5-4fa4-a97d-d965ccfc6d4b" outcome="Passed" testListId="8c84fa94-04c1-424b-9868-57a2d4851a1d" relativeResultsDirectory="84f140b0-77f3-42f9-889a-2270ede0c482" />
    <UnitTestResult executionId="299ff135-488a-405b-abc0-1cc454a5d637" testId="f6478c9b-a41d-7a0d-bd37-2e7a04fe145d" testName="FilmAholic.Tests.ErrorHandlingTests.GameHistoryErrorHandlingTests.SaveResult_NullCategory_DefaultsToFilms" computerName="DESKTOP-FM24HFT" duration="00:00:00.0101289" startTime="2026-04-11T23:29:48.4738794+01:00" endTime="2026-04-11T23:29:48.4738795+01:00" testType="13cdc9d9-ddb5-4fa4-a97d-d965ccfc6d4b" outcome="Passed" testListId="8c84fa94-04c1-424b-9868-57a2d4851a1d" relativeResultsDirectory="299ff135-488a-405b-abc0-1cc454a5d637" />
    <UnitTestResult executionId="f0525b9a-9678-4f19-b701-23006e00116b" testId="834b81f0-b6c5-6f29-ffb5-71612a7b5503" testName="FilmAholic.Tests.UnitTests.GameHistoryUnitTests.SaveResult_CategoryMixed_IsPersistedCorrectly" computerName="DESKTOP-FM24HFT" duration="00:00:00.0095741" startTime="2026-04-11T23:29:48.5500963+01:00" endTime="2026-04-11T23:29:48.5500964+01:00" testType="13cdc9d9-ddb5-4fa4-a97d-d965ccfc6d4b" outcome="Passed" testListId="8c84fa94-04c1-424b-9868-57a2d4851a1d" relativeResultsDirectory="f0525b9a-9678-4f19-b701-23006e00116b" />
    <UnitTestResult executionId="edb06122-4929-4238-9546-226743d3dc00" testId="5b743076-69d4-4ef8-8a06-207e59ab8398" testName="FilmAholic.Tests.ErrorHandlingTests.ComunidadesErrorHandlingTests.GetMeuEstado_SemAuth_DeveRetornarUnauthorized" computerName="DESKTOP-FM24HFT" duration="00:00:00.0026892" startTime="2026-04-11T23:29:48.4740432+01:00" endTime="2026-04-11T23:29:48.4740433+01:00" testType="13cdc9d9-ddb5-4fa4-a97d-d965ccfc6d4b" outcome="Passed" testListId="8c84fa94-04c1-424b-9868-57a2d4851a1d" relativeResultsDirectory="edb06122-4929-4238-9546-226743d3dc00" />
    <UnitTestResult executionId="5e1248ae-564d-4e3f-a22a-1d5c0faa6f3a" testId="bae4af37-cc67-96b4-5660-38f66f57674e" testName="FilmAholic.Tests.BoundaryTests.CommentsBoundaryTests.Comments_Create_TextoUmCaracter_DeveGravarComSucesso" computerName="DESKTOP-FM24HFT" duration="00:00:01.2261188" startTime="2026-04-11T23:29:48.3502955+01:00" endTime="2026-04-11T23:29:48.3502957+01:00" testType="13cdc9d9-ddb5-4fa4-a97d-d965ccfc6d4b" outcome="Passed" testListId="8c84fa94-04c1-424b-9868-57a2d4851a1d" relativeResultsDirectory="5e1248ae-564d-4e3f-a22a-1d5c0faa6f3a" />
    <UnitTestResult executionId="63ccabc2-2b85-442b-9467-507e0f0f89ff" testId="0dc51a0c-7e8f-2345-f905-70727168f961" testName="FilmAholic.Tests.UnitTests.NotificacoesUnitTests.GetPreferenciasNotificacao_DeveRetornarPreferenciasExistentes" computerName="DESKTOP-FM24HFT" duration="00:00:00.0047241" startTime="2026-04-11T23:29:48.3712885+01:00" endTime="2026-04-11T23:29:48.3712887+01:00" testType="13cdc9d9-ddb5-4fa4-a97d-d965ccfc6d4b" outcome="Passed" testListId="8c84fa94-04c1-424b-9868-57a2d4851a1d" relativeResultsDirectory="63ccabc2-2b85-442b-9467-507e0f0f89ff" />
    <UnitTestResult executionId="787a47a0-51c9-4bbe-8b98-dd3d7c3a4a0f" testId="ee1d936e-7b65-20c0-82b0-c02da4a3f827" testName="FilmAholic.Tests.BoundaryTests.GameHistoryBoundaryTests.GetMyHistory_LimitedToFiftyEntries" computerName="DESKTOP-FM24HFT" duration="00:00:00.0267393" startTime="2026-04-11T23:29:48.4006310+01:00" endTime="2026-04-11T23:29:48.4006312+01:00" testType="13cdc9d9-ddb5-4fa4-a97d-d965ccfc6d4b" outcome="Passed" testListId="8c84fa94-04c1-424b-9868-57a2d4851a1d" relativeResultsDirectory="787a47a0-51c9-4bbe-8b98-dd3d7c3a4a0f" />
    <UnitTestResult executionId="f9680f57-1b4f-4c1f-b58e-aada636a791b" testId="7a53cde0-fee0-b7ad-1957-32420d8d9946" testName="FilmAholic.Tests.BoundaryTests.ComunidadesBoundaryTests.Juntar_DeveRespeitarLimiteMembros(limiteMembros: 0, deveSerRejeitado: False)" computerName="DESKTOP-FM24HFT" duration="00:00:00.0025576" startTime="2026-04-11T23:29:49.7487368+01:00" endTime="2026-04-11T23:29:49.7487370+01:00" testType="13cdc9d9-ddb5-4fa4-a97d-d965ccfc6d4b" outcome="Passed" testListId="8c84fa94-04c1-424b-9868-57a2d4851a1d" relativeResultsDirectory="f9680f57-1b4f-4c1f-b58e-aada636a791b" />
    <UnitTestResult executionId="92dfd004-3fb4-4f2b-bdeb-f1eab390e39d" testId="b85c7326-e8f5-2d67-1b85-093918fe5930" testName="FilmAholic.Tests.BoundaryTests.ProfileBoundaryTests.Profile_Update_UserNameMaximoPermitido_DeveGravarComSucesso" computerName="DESKTOP-FM24HFT" duration="00:00:00.0044565" startTime="2026-04-11T23:29:48.4140621+01:00" endTime="2026-04-11T23:29:48.4140621+01:00" testType="13cdc9d9-ddb5-4fa4-a97d-d965ccfc6d4b" outcome="Passed" testListId="8c84fa94-04c1-424b-9868-57a2d4851a1d" relativeResultsDirectory="92dfd004-3fb4-4f2b-bdeb-f1eab390e39d" />
    <UnitTestResult executionId="e5c8a473-185e-43e5-a38d-afc0e33a54f1" testId="ba84de68-d07f-3c86-ae69-095dea81cba0" testName="FilmAholic.Tests.UnitTests.CinemaProximosUnitTests.GetCinemasProximos_IdsUnique" computerName="DESKTOP-FM24HFT" duration="00:00:00.1770291" startTime="2026-04-11T23:29:47.2967002+01:00" endTime="2026-04-11T23:29:47.2967004+01:00" testType="13cdc9d9-ddb5-4fa4-a97d-d965ccfc6d4b" outcome="Passed" testListId="8c84fa94-04c1-424b-9868-57a2d4851a1d" relativeResultsDirectory="e5c8a473-185e-43e5-a38d-afc0e33a54f1" />
    <UnitTestResult executionId="750cc961-8b82-416a-bfd2-5c8293e4cc4a" testId="0e633b76-038c-b8e7-0215-2aa50a6a7f5d" testName="FilmAholic.Tests.ErrorHandlingTests.CommentsErrorHandlingTests.Comments_Delete_ComentarioNaoExistente_DeveRetornarNotFound" computerName="DESKTOP-FM24HFT" duration="00:00:00.0109994" startTime="2026-04-11T23:29:48.3699375+01:00" endTime="2026-04-11T23:29:48.3699377+01:00" testType="13cdc9d9-ddb5-4fa4-a97d-d965ccfc6d4b" outcome="Passed" testListId="8c84fa94-04c1-424b-9868-57a2d4851a1d" relativeResultsDirectory="750cc961-8b82-416a-bfd2-5c8293e4cc4a" />
    <UnitTestResult executionId="e33a76b2-46d0-4bbd-8527-bdddb93541c2" testId="2f8d2a96-4614-3686-861a-9cabb43ae3a0" testName="FilmAholic.Tests.ErrorHandlingTests.CommentsErrorHandlingTests.Comments_Update_ComentarioNaoExistente_DeveRetornarNotFound" computerName="DESKTOP-FM24HFT" duration="00:00:00.0028214" startTime="2026-04-11T23:29:48.3859453+01:00" endTime="2026-04-11T23:29:48.3859456+01:00" testType="13cdc9d9-ddb5-4fa4-a97d-d965ccfc6d4b" outcome="Passed" testListId="8c84fa94-04c1-424b-9868-57a2d4851a1d" relativeResultsDirectory="e33a76b2-46d0-4bbd-8527-bdddb93541c2" />
    <UnitTestResult executionId="7be522b4-5e21-433e-a075-d12b40de580d" testId="d2d0a66a-81a7-1a88-d7f6-905840ede823" testName="FilmAholic.Tests.ErrorHandlingTests.CinemaProximosErrorHandlingTests.GetCinemasProximos_ReturnsOk" computerName="DESKTOP-FM24HFT" duration="00:00:00.0008073" startTime="2026-04-11T23:29:47.3007647+01:00" endTime="2026-04-11T23:29:47.3007649+01:00" testType="13cdc9d9-ddb5-4fa4-a97d-d965ccfc6d4b" outcome="Passed" testListId="8c84fa94-04c1-424b-9868-57a2d4851a1d" relativeResultsDirectory="7be522b4-5e21-433e-a075-d12b40de580d" />
    <UnitTestResult executionId="eac23a5e-5dae-462e-856a-c4f9fe8f3bd2" testId="e6b7f0cc-7149-b453-67af-3b7a43c8ac66" testName="FilmAholic.Tests.ErrorHandlingTests.GameHistoryErrorHandlingTests.SaveResult_NegativeScore_NoXPGranted" computerName="DESKTOP-FM24HFT" duration="00:00:00.0028356" startTime="2026-04-11T23:29:48.4572136+01:00" endTime="2026-04-11T23:29:48.4572138+01:00" testType="13cdc9d9-ddb5-4fa4-a97d-d965ccfc6d4b" outcome="Passed" testListId="8c84fa94-04c1-424b-9868-57a2d4851a1d" relativeResultsDirectory="eac23a5e-5dae-462e-856a-c4f9fe8f3bd2" />
    <UnitTestResult executionId="f0db63f3-0b89-4343-b420-b4c1791b1b82" testId="c2e77f47-e6ec-69f7-09b1-7d4f3be3eb0f" testName="FilmAholic.Tests.ErrorHandlingTests.ComunidadesErrorHandlingTests.BanirMembro_SemSerAdmin_DeveRetornarForbid" computerName="DESKTOP-FM24HFT" duration="00:00:00.0065705" startTime="2026-04-11T23:29:48.5121336+01:00" endTime="2026-04-11T23:29:48.5121339+01:00" testType="13cdc9d9-ddb5-4fa4-a97d-d965ccfc6d4b" outcome="Passed" testListId="8c84fa94-04c1-424b-9868-57a2d4851a1d" relativeResultsDirectory="f0db63f3-0b89-4343-b420-b4c1791b1b82" />
    <UnitTestResult executionId="c8477c9d-2c97-49a4-bffb-a15bb91bc404" testId="c450793b-9eba-4216-1e05-d082d5af76d8" testName="FilmAholic.Tests.BoundaryTests.MovieRatingsBoundaryTests.MovieRatings_Upsert_ScoreDez_DeveGravarComSucesso" computerName="DESKTOP-FM24HFT" duration="00:00:00.0044243" startTime="2026-04-11T23:29:48.3706640+01:00" endTime="2026-04-11T23:29:48.3706641+01:00" testType="13cdc9d9-ddb5-4fa4-a97d-d965ccfc6d4b" outcome="Passed" testListId="8c84fa94-04c1-424b-9868-57a2d4851a1d" relativeResultsDirectory="c8477c9d-2c97-49a4-bffb-a15bb91bc404" />
    <UnitTestResult executionId="c01c9344-a21f-4fbd-b99e-592b311df30d" testId="8dbdf5a2-759d-5ba0-b560-a5f96d58a472" testName="FilmAholic.Tests.ErrorHandlingTests.GameHistoryErrorHandlingTests.GetLeaderboard_EmptyCategory_ReturnsEmptyList" computerName="DESKTOP-FM24HFT" duration="00:00:00.0024794" startTime="2026-04-11T23:29:48.4270252+01:00" endTime="2026-04-11T23:29:48.4270255+01:00" testType="13cdc9d9-ddb5-4fa4-a97d-d965ccfc6d4b" outcome="Passed" testListId="8c84fa94-04c1-424b-9868-57a2d4851a1d" relativeResultsDirectory="c01c9344-a21f-4fbd-b99e-592b311df30d" />
    <UnitTestResult executionId="990d8ad7-ad72-419c-ab0b-ac0e22bc843b" testId="38666e3f-c028-aa0b-d52c-5df5bd870a4d" testName="FilmAholic.Tests.ErrorHandlingTests.ProfileErrorHandlingTests.Profile_Update_UserIdVazio_DeveRetornarBadRequest" computerName="DESKTOP-FM24HFT" duration="00:00:00.0013460" startTime="2026-04-11T23:29:48.4494609+01:00" endTime="2026-04-11T23:29:48.4494610+01:00" testType="13cdc9d9-ddb5-4fa4-a97d-d965ccfc6d4b" outcome="Passed" testListId="8c84fa94-04c1-424b-9868-57a2d4851a1d" relativeResultsDirectory="990d8ad7-ad72-419c-ab0b-ac0e22bc843b" />
    <UnitTestResult executionId="27d585eb-bbae-4ea3-9635-5e5680fbe202" testId="7552d7e5-a9f7-094b-060e-5bc83507b30f" testName="FilmAholic.Tests.ErrorHandlingTests.ComunidadesErrorHandlingTests.AprovarPedidoEntrada_LimiteAtingido_DeveRetornarConflict" computerName="DESKTOP-FM24HFT" duration="00:00:00.0058040" startTime="2026-04-11T23:29:48.3776464+01:00" endTime="2026-04-11T23:29:48.3776465+01:00" testType="13cdc9d9-ddb5-4fa4-a97d-d965ccfc6d4b" outcome="Passed" testListId="8c84fa94-04c1-424b-9868-57a2d4851a1d" relativeResultsDirectory="27d585eb-bbae-4ea3-9635-5e5680fbe202" />
    <UnitTestResult executionId="c792bae8-0c58-4ff0-81e7-9afd666a5d0f" testId="b09276a0-f957-84e5-3426-63d5766e1766" testName="FilmAholic.Tests.DataIntegrityTests.SearchDataIntegrityTests.SearchFiltros_FilmeSemAno_DeveTratarCorretamente" computerName="DESKTOP-FM24HFT" duration="00:00:00.0075947" startTime="2026-04-11T23:29:48.3108508+01:00" endTime="2026-04-11T23:29:48.3108510+01:00" testType="13cdc9d9-ddb5-4fa4-a97d-d965ccfc6d4b" outcome="Passed" testListId="8c84fa94-04c1-424b-9868-57a2d4851a1d" relativeResultsDirectory="c792bae8-0c58-4ff0-81e7-9afd666a5d0f" />
    <UnitTestResult executionId="0d529d96-4407-4748-bbfa-446f89f8fe9c" testId="6e4294eb-7a23-19b9-e79c-587c9e4bfb7f" testName="FilmAholic.Tests.UnitTests.GameHistoryUnitTests.XPFormula_ScoreFiveToNine_StreakWithBonus(score: 5, expectedXp: 55)" computerName="DESKTOP-FM24HFT" duration="00:00:00.0263862" startTime="2026-04-11T23:29:48.5065769+01:00" endTime="2026-04-11T23:29:48.5065771+01:00" testType="13cdc9d9-ddb5-4fa4-a97d-d965ccfc6d4b" outcome="Passed" testListId="8c84fa94-04c1-424b-9868-57a2d4851a1d" relativeResultsDirectory="0d529d96-4407-4748-bbfa-446f89f8fe9c" />
    <UnitTestResult executionId="3233e89b-c7da-42d9-af71-bf59909c6b58" testId="8e8a1215-94c8-c05d-f5be-2f90b0ee8705" testName="FilmAholic.Tests.UnitTests.CinemaMoviesComponentTests.CinemaMoviesComponent_ShouldParseDurationCorrectly" computerName="DESKTOP-FM24HFT" duration="00:00:00.0085713" startTime="2026-04-11T23:29:47.1629278+01:00" endTime="2026-04-11T23:29:47.1629279+01:00" testType="13cdc9d9-ddb5-4fa4-a97d-d965ccfc6d4b" outcome="Passed" testListId="8c84fa94-04c1-424b-9868-57a2d4851a1d" relativeResultsDirectory="3233e89b-c7da-42d9-af71-bf59909c6b58" />
    <UnitTestResult executionId="a278f6af-27a3-4706-88d2-35e09a56b358" testId="b88044a2-0d7d-b4a5-151a-408a27cc1ec5" testName="FilmAholic.Tests.ErrorHandlingTests.ComunidadesErrorHandlingTests.BanirMembro_AutoBan_DeveRetornarBadRequest" computerName="DESKTOP-FM24HFT" duration="00:00:00.0072512" startTime="2026-04-11T23:29:48.4774442+01:00" endTime="2026-04-11T23:29:48.4774444+01:00" testType="13cdc9d9-ddb5-4fa4-a97d-d965ccfc6d4b" outcome="Passed" testListId="8c84fa94-04c1-424b-9868-57a2d4851a1d" relativeResultsDirectory="a278f6af-27a3-4706-88d2-35e09a56b358" />
    <UnitTestResult executionId="2cb1a903-b524-48b4-b959-ea8b62b26685" testId="1491dcc4-6689-6bd4-7012-a9356cb29dda" testName="FilmAholic.Tests.DataIntegrityTests.ComunidadesDataIntegrityTests.Post_DevePertencerAUmaComunidade" computerName="DESKTOP-FM24HFT" duration="00:00:00.1786831" startTime="2026-04-11T23:29:48.4222584+01:00" endTime="2026-04-11T23:29:48.4222585+01:00" testType="13cdc9d9-ddb5-4fa4-a97d-d965ccfc6d4b" outcome="Passed" testListId="8c84fa94-04c1-424b-9868-57a2d4851a1d" relativeResultsDirectory="2cb1a903-b524-48b4-b959-ea8b62b26685" />
    <UnitTestResult executionId="2c7d2634-bf0e-450b-857f-94ebc598288a" testId="6efd7521-3d4d-a8d5-88ef-cde73a6f1f14" testName="FilmAholic.Tests.DataIntegrityTests.MovieDataIntegrityTests.Movie_Deletion_DeveRemoverTodosRatings" computerName="DESKTOP-FM24HFT" duration="00:00:00.0693775" startTime="2026-04-11T23:29:48.4468177+01:00" endTime="2026-04-11T23:29:48.4468178+01:00" testType="13cdc9d9-ddb5-4fa4-a97d-d965ccfc6d4b" outcome="Passed" testListId="8c84fa94-04c1-424b-9868-57a2d4851a1d" relativeResultsDirectory="2c7d2634-bf0e-450b-857f-94ebc598288a" />
    <UnitTestResult executionId="08092af6-8070-4c60-9fad-50c52c468075" testId="eb3a3a1a-8364-8616-f764-3041bd1cba20" testName="FilmAholic.Tests.BoundaryTests.NotificacoesBoundaryTests.GetNovaEstreia_DeveRespeitarLimitBoundary(inputLimit: 15, expectedLimit: 10)" computerName="DESKTOP-FM24HFT" duration="00:00:00.0064807" startTime="2026-04-11T23:29:48.3689609+01:00" endTime="2026-04-11T23:29:48.3689614+01:00" testType="13cdc9d9-ddb5-4fa4-a97d-d965ccfc6d4b" outcome="Passed" testListId="8c84fa94-04c1-424b-9868-57a2d4851a1d" relativeResultsDirectory="08092af6-8070-4c60-9fad-50c52c468075" />
    <UnitTestResult executionId="a0e85c19-7f9f-4637-b676-4133204e2358" testId="3cb8426a-e41c-e11c-1a8a-029e5bfced49" testName="FilmAholic.Tests.DataIntegrityTests.CinemaMoviesDataIntegrityTests.GetFilmesEmCartaz_MockDataPosterHandling_DeveTerPosterValidosOuVazios" computerName="DESKTOP-FM24HFT" duration="00:00:00.0008131" startTime="2026-04-11T23:29:47.1629761+01:00" endTime="2026-04-11T23:29:47.1629761+01:00" testType="13cdc9d9-ddb5-4fa4-a97d-d965ccfc6d4b" outcome="Passed" testListId="8c84fa94-04c1-424b-9868-57a2d4851a1d" relativeResultsDirectory="a0e85c19-7f9f-4637-b676-4133204e2358" />
    <UnitTestResult executionId="5d3c2f43-1813-4c93-837b-a370ae0b2861" testId="3b3ae619-7717-7fcc-ec74-4f7188e46944" testName="FilmAholic.Tests.BoundaryTests.NotificacoesBoundaryTests.GetNovaEstreia_DeveRespeitarLimitBoundary(inputLimit: 0, expectedLimit: 5)" computerName="DESKTOP-FM24HFT" duration="00:00:00.0049753" startTime="2026-04-11T23:29:48.3740013+01:00" endTime="2026-04-11T23:29:48.3740015+01:00" testType="13cdc9d9-ddb5-4fa4-a97d-d965ccfc6d4b" outcome="Passed" testListId="8c84fa94-04c1-424b-9868-57a2d4851a1d" relativeResultsDirectory="5d3c2f43-1813-4c93-837b-a370ae0b2861" />
    <UnitTestResult executionId="a45db2d2-37f5-4a1e-ac42-c7877bd80010" testId="7433ecce-ca18-11d2-ca52-629adcd66821" testName="FilmAholic.Tests.BoundaryTests.NotificacoesBoundaryTests.GetResumoEstatisticasFeed_DeveRespeitarLimitBoundary(inputLimit: -1, expectedLimit: 0)" computerName="DESKTOP-FM24HFT" duration="00:00:00.0040995" startTime="2026-04-11T23:29:48.4252322+01:00" endTime="2026-04-11T23:29:48.4252323+01:00" testType="13cdc9d9-ddb5-4fa4-a97d-d965ccfc6d4b" outcome="Passed" testListId="8c84fa94-04c1-424b-9868-57a2d4851a1d" relativeResultsDirectory="a45db2d2-37f5-4a1e-ac42-c7877bd80010" />
    <UnitTestResult executionId="6c72639e-002a-4163-a427-5991874d64db" testId="5bbcd57c-6fda-5959-94dd-c56471c7e0f2" testName="FilmAholic.Tests.DataIntegrityTests.UserDataIntegrityTests.User_Deletion_DeveRemoverTodosJaVistos" computerName="DESKTOP-FM24HFT" duration="00:00:01.1655257" startTime="2026-04-11T23:29:48.3259544+01:00" endTime="2026-04-11T23:29:48.3259546+01:00" testType="13cdc9d9-ddb5-4fa4-a97d-d965ccfc6d4b" outcome="Passed" testListId="8c84fa94-04c1-424b-9868-57a2d4851a1d" relativeResultsDirectory="6c72639e-002a-4163-a427-5991874d64db" />
    <UnitTestResult executionId="00116d57-3bab-45b3-abc3-7536b01a648e" testId="17ffa447-5b36-cb04-c09c-166767263454" testName="FilmAholic.Tests.BoundaryTests.ComunidadesBoundaryTests.CastigarMembro_DeveAceitarHorasValidas(horas: -1)" computerName="DESKTOP-FM24HFT" duration="00:00:00.0053899" startTime="2026-04-11T23:29:48.6189985+01:00" endTime="2026-04-11T23:29:48.6189987+01:00" testType="13cdc9d9-ddb5-4fa4-a97d-d965ccfc6d4b" outcome="Passed" testListId="8c84fa94-04c1-424b-9868-57a2d4851a1d" relativeResultsDirectory="00116d57-3bab-45b3-abc3-7536b01a648e" />
    <UnitTestResult executionId="5f1d35db-04c1-446c-8029-a96df6492a7a" testId="350d62fd-8517-ec78-fdee-f238da1a00e5" testName="FilmAholic.Tests.BoundaryTests.ComunidadesBoundaryTests.GetRanking_DeveAceitarMetricasValidas(metrica: &quot;&quot;)" computerName="DESKTOP-FM24HFT" duration="00:00:00.0024087" startTime="2026-04-11T23:29:48.4729927+01:00" endTime="2026-04-11T23:29:48.4729928+01:00" testType="13cdc9d9-ddb5-4fa4-a97d-d965ccfc6d4b" outcome="Passed" testListId="8c84fa94-04c1-424b-9868-57a2d4851a1d" relativeResultsDirectory="5f1d35db-04c1-446c-8029-a96df6492a7a" />
    <UnitTestResult executionId="63564091-6365-46a9-b141-9df1a92cd0b3" testId="9120f94b-80d6-8f16-5372-a58e9e003e9d" testName="FilmAholic.Tests.BoundaryTests.ComunidadesBoundaryTests.GetSugestoesFilmesComunidade_DeveRespeitarLimitBoundary(inputLimit: 60)" computerName="DESKTOP-FM24HFT" duration="00:00:00.0028046" startTime="2026-04-11T23:29:48.5667015+01:00" endTime="2026-04-11T23:29:48.5667018+01:00" testType="13cdc9d9-ddb5-4fa4-a97d-d965ccfc6d4b" outcome="Passed" testListId="8c84fa94-04c1-424b-9868-57a2d4851a1d" relativeResultsDirectory="63564091-6365-46a9-b141-9df1a92cd0b3" />
    <UnitTestResult executionId="87fdc6c3-24a6-4fea-96b7-0147b25a88ed" testId="fe8d85c1-3da8-5661-f077-19a076cf6d4f" testName="FilmAholic.Tests.ErrorHandlingTests.UserMoviesErrorHandlingTests.UserMovies_Add_FilmeNaoExistente_DeveRetornarBadRequest" computerName="DESKTOP-FM24HFT" duration="00:00:00.0100211" startTime="2026-04-11T23:29:48.4271377+01:00" endTime="2026-04-11T23:29:48.4271378+01:00" testType="13cdc9d9-ddb5-4fa4-a97d-d965ccfc6d4b" outcome="Passed" testListId="8c84fa94-04c1-424b-9868-57a2d4851a1d" relativeResultsDirectory="87fdc6c3-24a6-4fea-96b7-0147b25a88ed" />
    <UnitTestResult executionId="938665de-f037-4aca-abae-f9284438b5d6" testId="5a56f2a2-95b1-45ed-be08-4d95ba1d92f5" testName="FilmAholic.Tests.BoundaryTests.NotificacoesBoundaryTests.GetResumoEstatisticasFeed_DeveRespeitarLimitBoundary(inputLimit: 5, expectedLimit: 5)" computerName="DESKTOP-FM24HFT" duration="00:00:00.0044676" startTime="2026-04-11T23:29:48.4221489+01:00" endTime="2026-04-11T23:29:48.4221493+01:00" testType="13cdc9d9-ddb5-4fa4-a97d-d965ccfc6d4b" outcome="Passed" testListId="8c84fa94-04c1-424b-9868-57a2d4851a1d" relativeResultsDirectory="938665de-f037-4aca-abae-f9284438b5d6" />
    <UnitTestResult executionId="8b347225-cfb0-4060-af30-6b0af3f9b870" testId="7d2123d8-3db8-eeb3-1439-7f47e61fab34" testName="FilmAholic.Tests.ErrorHandlingTests.ComunidadesErrorHandlingTests.Create_NomeDuplicado_DeveRetornarConflict" computerName="DESKTOP-FM24HFT" duration="00:00:00.0294485" startTime="2026-04-11T23:29:48.4066884+01:00" endTime="2026-04-11T23:29:48.4066886+01:00" testType="13cdc9d9-ddb5-4fa4-a97d-d965ccfc6d4b" outcome="Passed" testListId="8c84fa94-04c1-424b-9868-57a2d4851a1d" relativeResultsDirectory="8b347225-cfb0-4060-af30-6b0af3f9b870" />
    <UnitTestResult executionId="1e1f6b2d-0355-433e-8eb2-2085437d0182" testId="da3f7e75-8e8f-8fd4-958d-e7195b037c39" testName="FilmAholic.Tests.ErrorHandlingTests.ComunidadesErrorHandlingTests.GetMembros_QuandoBanido_DeveRetornarForbidden" computerName="DESKTOP-FM24HFT" duration="00:00:00.0113936" startTime="2026-04-11T23:29:48.4738009+01:00" endTime="2026-04-11T23:29:48.4738011+01:00" testType="13cdc9d9-ddb5-4fa4-a97d-d965ccfc6d4b" outcome="Passed" testListId="8c84fa94-04c1-424b-9868-57a2d4851a1d" relativeResultsDirectory="1e1f6b2d-0355-433e-8eb2-2085437d0182" />
    <UnitTestResult executionId="49dedd44-00be-4ab1-b654-ba54552d5967" testId="9a3a07f9-6871-5dea-0382-1970cde5ed29" testName="FilmAholic.Tests.ErrorHandlingTests.CinemaProximosErrorHandlingTests.ToggleCinemaFavorito_UserNotFound_ReturnsNotFound" computerName="DESKTOP-FM24HFT" duration="00:00:00.0570000" startTime="2026-04-11T23:29:48.2823538+01:00" endTime="2026-04-11T23:29:48.2823540+01:00" testType="13cdc9d9-ddb5-4fa4-a97d-d965ccfc6d4b" outcome="Passed" testListId="8c84fa94-04c1-424b-9868-57a2d4851a1d" relativeResultsDirectory="49dedd44-00be-4ab1-b654-ba54552d5967" />
    <UnitTestResult executionId="d66a3ba7-1275-424e-a2dd-a0ffcca4172e" testId="08b88e62-8877-58f1-6526-cdbd75d1fe89" testName="FilmAholic.Tests.UnitTests.GameHistoryUnitTests.NivelCalculation_XPThresholds_CorrectLevel(startingXp: 245, expectedNivel: 3)" computerName="DESKTOP-FM24HFT" duration="00:00:00.0009813" startTime="2026-04-11T23:29:48.4722725+01:00" endTime="2026-04-11T23:29:48.4722726+01:00" testType="13cdc9d9-ddb5-4fa4-a97d-d965ccfc6d4b" outcome="Passed" testListId="8c84fa94-04c1-424b-9868-57a2d4851a1d" relativeResultsDirectory="d66a3ba7-1275-424e-a2dd-a0ffcca4172e" />
    <UnitTestResult executionId="f5c07bfa-03f2-446b-9d06-bc9392487d39" testId="6bad15dd-b546-bd80-b21c-047ccbefd8e8" testName="FilmAholic.Tests.BoundaryTests.ProfileBoundaryTests.Profile_UpdateFavorites_Exatamente50Filmes_DeveGravarComSucesso" computerName="DESKTOP-FM24HFT" duration="00:00:00.0036358" startTime="2026-04-11T23:29:48.4178679+01:00" endTime="2026-04-11T23:29:48.4178679+01:00" testType="13cdc9d9-ddb5-4fa4-a97d-d965ccfc6d4b" outcome="Passed" testListId="8c84fa94-04c1-424b-9868-57a2d4851a1d" relativeResultsDirectory="f5c07bfa-03f2-446b-9d06-bc9392487d39" />
    <UnitTestResult executionId="3b7ddf3a-3b3d-470c-a484-53e464118dfa" testId="a04fa638-4567-bdc8-93a9-e675727d3c44" testName="FilmAholic.Tests.ErrorHandlingTests.GameHistoryErrorHandlingTests.SaveResult_UserNotInDatabase_SavesHistoryWithoutXP" computerName="DESKTOP-FM24HFT" duration="00:00:00.0351392" startTime="2026-04-11T23:29:48.5099651+01:00" endTime="2026-04-11T23:29:48.5099653+01:00" testType="13cdc9d9-ddb5-4fa4-a97d-d965ccfc6d4b" outcome="Passed" testListId="8c84fa94-04c1-424b-9868-57a2d4851a1d" relativeResultsDirectory="3b7ddf3a-3b3d-470c-a484-53e464118dfa" />
    <UnitTestResult executionId="56541376-39a9-4333-ac14-7b388020f096" testId="7e212603-ffc0-97aa-63e4-2b103e4c35be" testName="FilmAholic.Tests.UnitTests.UserMoviesAndCommentsTests.AdicionarComentario_DeveGravarNaBaseDeDados" computerName="DESKTOP-FM24HFT" duration="00:00:00.0036171" startTime="2026-04-11T23:29:48.5408677+01:00" endTime="2026-04-11T23:29:48.5408679+01:00" testType="13cdc9d9-ddb5-4fa4-a97d-d965ccfc6d4b" outcome="Passed" testListId="8c84fa94-04c1-424b-9868-57a2d4851a1d" relativeResultsDirectory="56541376-39a9-4333-ac14-7b388020f096" />
    <UnitTestResult executionId="8de7e8e9-0715-42c9-adfa-f95c1546574d" testId="875d63ea-2bf5-48fd-d247-47cdce0b286b" testName="FilmAholic.Tests.UnitTests.GameHistoryUnitTests.NivelCalculation_XPThresholds_CorrectLevel(startingXp: 95, expectedNivel: 2)" computerName="DESKTOP-FM24HFT" duration="00:00:00.0037062" startTime="2026-04-11T23:29:48.4721578+01:00" endTime="2026-04-11T23:29:48.4721579+01:00" testType="13cdc9d9-ddb5-4fa4-a97d-d965ccfc6d4b" outcome="Passed" testListId="8c84fa94-04c1-424b-9868-57a2d4851a1d" relativeResultsDirectory="8de7e8e9-0715-42c9-adfa-f95c1546574d" />
    <UnitTestResult executionId="23627cae-dec4-4d35-a117-6f36b96c2c01" testId="d770885f-b2c3-cfa5-0cc2-ed5231652400" testName="FilmAholic.Tests.BoundaryTests.ComunidadesBoundaryTests.Update_DeveValidarReducaoLimiteMembros(novoLimite: 5, deveFalhar: True)" computerName="DESKTOP-FM24HFT" duration="00:00:00.0094091" startTime="2026-04-11T23:29:49.7640841+01:00" endTime="2026-04-11T23:29:49.7640843+01:00" testType="13cdc9d9-ddb5-4fa4-a97d-d965ccfc6d4b" outcome="Passed" testListId="8c84fa94-04c1-424b-9868-57a2d4851a1d" relativeResultsDirectory="23627cae-dec4-4d35-a117-6f36b96c2c01" />
    <UnitTestResult executionId="bb2a6aad-e4df-48fa-bbfd-f73f44e85baf" testId="4eea0bd3-b30c-5078-f01e-78d30c101811" testName="FilmAholic.Tests.UnitTests.UserMoviesAndCommentsTests.EditarComentario_DeveAtualizarNaBaseDeDados" computerName="DESKTOP-FM24HFT" duration="00:00:00.0031340" startTime="2026-04-11T23:29:48.5712295+01:00" endTime="2026-04-11T23:29:48.5712296+01:00" testType="13cdc9d9-ddb5-4fa4-a97d-d965ccfc6d4b" outcome="Passed" testListId="8c84fa94-04c1-424b-9868-57a2d4851a1d" relativeResultsDirectory="bb2a6aad-e4df-48fa-bbfd-f73f44e85baf" />
    <UnitTestResult executionId="93b839c8-e057-4236-9132-8526e4a0b943" testId="8822bc7a-0235-4a02-7f5b-960a28c09987" testName="FilmAholic.Tests.UnitTests.ComunidadesUnitTests.GetPedidosEntrada_DeveRetornarPedidosPendentes_QuandoAdmin" computerName="DESKTOP-FM24HFT" duration="00:00:00.0169307" startTime="2026-04-11T23:29:48.5976468+01:00" endTime="2026-04-11T23:29:48.5976469+01:00" testType="13cdc9d9-ddb5-4fa4-a97d-d965ccfc6d4b" outcome="Passed" testListId="8c84fa94-04c1-424b-9868-57a2d4851a1d" relativeResultsDirectory="93b839c8-e057-4236-9132-8526e4a0b943" />
    <UnitTestResult executionId="3d173875-6afe-4394-96d5-d4559981094b" testId="cf42f09c-227e-3493-1eee-b53f86d9427a" testName="FilmAholic.Tests.ErrorHandlingTests.CommentsErrorHandlingTests.Comments_Create_TextoVazio_DeveRetornarBadRequest" computerName="DESKTOP-FM24HFT" duration="00:00:00.0027709" startTime="2026-04-11T23:29:48.3731786+01:00" endTime="2026-04-11T23:29:48.3731788+01:00" testType="13cdc9d9-ddb5-4fa4-a97d-d965ccfc6d4b" outcome="Passed" testListId="8c84fa94-04c1-424b-9868-57a2d4851a1d" relativeResultsDirectory="3d173875-6afe-4394-96d5-d4559981094b" />
    <UnitTestResult executionId="7912f9dd-66c4-410f-9248-886f1c00ee26" testId="6832baa6-8265-a9c6-d49d-9220f0713ef2" testName="FilmAholic.Tests.BoundaryTests.ComunidadesBoundaryTests.CastigarMembro_DeveAceitarHorasValidas(horas: 24)" computerName="DESKTOP-FM24HFT" duration="00:00:00.0018082" startTime="2026-04-11T23:29:48.6318975+01:00" endTime="2026-04-11T23:29:48.6318977+01:00" testType="13cdc9d9-ddb5-4fa4-a97d-d965ccfc6d4b" outcome="Passed" testListId="8c84fa94-04c1-424b-9868-57a2d4851a1d" relativeResultsDirectory="7912f9dd-66c4-410f-9248-886f1c00ee26" />
    <UnitTestResult executionId="2fd56f62-1121-404d-b092-321f7f5a6b7b" testId="2bc54ab9-6d9c-0a7e-de7c-2283d97a252a" testName="FilmAholic.Tests.ErrorHandlingTests.ProfileErrorHandlingTests.Profile_Update_UtilizadorNaoExistente_DeveRetornarNotFound" computerName="DESKTOP-FM24HFT" duration="00:00:00.0017748" startTime="2026-04-11T23:29:48.4479948+01:00" endTime="2026-04-11T23:29:48.4479949+01:00" testType="13cdc9d9-ddb5-4fa4-a97d-d965ccfc6d4b" outcome="Passed" testListId="8c84fa94-04c1-424b-9868-57a2d4851a1d" relativeResultsDirectory="2fd56f62-1121-404d-b092-321f7f5a6b7b" />
    <UnitTestResult executionId="33012889-8f73-4441-a91e-e8356b047248" testId="89c2f3eb-9511-fb60-d5de-67d9c8b078ee" testName="FilmAholic.Tests.DataIntegrityTests.GameHistoryDataIntegrityTests.GetStats_CalculatesCorrectly" computerName="DESKTOP-FM24HFT" duration="00:00:00.0245895" startTime="2026-04-11T23:29:48.4749506+01:00" endTime="2026-04-11T23:29:48.4749507+01:00" testType="13cdc9d9-ddb5-4fa4-a97d-d965ccfc6d4b" outcome="Passed" testListId="8c84fa94-04c1-424b-9868-57a2d4851a1d" relativeResultsDirectory="33012889-8f73-4441-a91e-e8356b047248" />
    <UnitTestResult executionId="bc586637-910a-4aea-8fcc-ad0c0ce45b28" testId="59028b54-875d-c215-d379-657e474b40e1" testName="FilmAholic.Tests.UnitTests.ComunidadesUnitTests.Juntar_DeveAdicionarMembro_QuandoComunidadePublica" computerName="DESKTOP-FM24HFT" duration="00:00:00.0029124" startTime="2026-04-11T23:29:48.6427682+01:00" endTime="2026-04-11T23:29:48.6427684+01:00" testType="13cdc9d9-ddb5-4fa4-a97d-d965ccfc6d4b" outcome="Passed" testListId="8c84fa94-04c1-424b-9868-57a2d4851a1d" relativeResultsDirectory="bc586637-910a-4aea-8fcc-ad0c0ce45b28" />
    <UnitTestResult executionId="01abfc9e-2eec-4328-a2e8-cccf01cb8263" testId="6a7c8106-8db5-d613-0760-28a3341e12a9" testName="FilmAholic.Tests.ErrorHandlingTests.ComunidadesErrorHandlingTests.Update_SemSerAdmin_DeveRetornarForbid" computerName="DESKTOP-FM24HFT" duration="00:00:00.0072138" startTime="2026-04-11T23:29:48.5194654+01:00" endTime="2026-04-11T23:29:48.5194656+01:00" testType="13cdc9d9-ddb5-4fa4-a97d-d965ccfc6d4b" outcome="Passed" testListId="8c84fa94-04c1-424b-9868-57a2d4851a1d" relativeResultsDirectory="01abfc9e-2eec-4328-a2e8-cccf01cb8263" />
    <UnitTestResult executionId="3738c313-f17e-4be4-84c8-e647e8051bfd" testId="7dbf7d81-af4f-306a-5961-a156e8373bd3" testName="FilmAholic.Tests.UnitTests.SearchUnitTests.SearchFiltros_MultiplosGeneros_DeveRetornarFilmesComQualquerGenero" computerName="DESKTOP-FM24HFT" duration="00:00:00.0026101" startTime="2026-04-11T23:29:48.3777022+01:00" endTime="2026-04-11T23:29:48.3777023+01:00" testType="13cdc9d9-ddb5-4fa4-a97d-d965ccfc6d4b" outcome="Passed" testListId="8c84fa94-04c1-424b-9868-57a2d4851a1d" relativeResultsDirectory="3738c313-f17e-4be4-84c8-e647e8051bfd" />
    <UnitTestResult executionId="14b0bd49-9490-4282-82ec-52069362f9c6" testId="b53ef507-1bbf-0c75-b863-f81fa7ae1de6" testName="FilmAholic.Tests.DataIntegrityTests.SearchDataIntegrityTests.SearchFiltros_FilmeSemGenero_DeveTratarCorretamente" computerName="DESKTOP-FM24HFT" duration="00:00:00.0033300" startTime="2026-04-11T23:29:48.3141273+01:00" endTime="2026-04-11T23:29:48.3141276+01:00" testType="13cdc9d9-ddb5-4fa4-a97d-d965ccfc6d4b" outcome="Passed" testListId="8c84fa94-04c1-424b-9868-57a2d4851a1d" relativeResultsDirectory="14b0bd49-9490-4282-82ec-52069362f9c6" />
    <UnitTestResult executionId="4ef62d75-c954-48ff-ba9d-749470b23f2f" testId="608b838a-d6d1-b09b-967b-839c6837542d" testName="FilmAholic.Tests.DataIntegrityTests.RatingDataIntegrityTests.Rating_MultiplosUtilizadores_DeveCalcularMediaCorretamente" computerName="DESKTOP-FM24HFT" duration="00:00:00.0782831" startTime="2026-04-11T23:29:48.3585325+01:00" endTime="2026-04-11T23:29:48.3585326+01:00" testType="13cdc9d9-ddb5-4fa4-a97d-d965ccfc6d4b" outcome="Passed" testListId="8c84fa94-04c1-424b-9868-57a2d4851a1d" relativeResultsDirectory="4ef62d75-c954-48ff-ba9d-749470b23f2f" />
    <UnitTestResult executionId="09a07ba7-01d9-4421-b782-d9ec260ff72b" testId="9538b56e-0033-faeb-cc43-e17f153f2304" testName="FilmAholic.Tests.BoundaryTests.MovieRatingsBoundaryTests.MovieRatings_Upsert_ScoreMinimo_DeveGravarComSucesso" computerName="DESKTOP-FM24HFT" duration="00:00:01.2415416" startTime="2026-04-11T23:29:48.3656119+01:00" endTime="2026-04-11T23:29:48.3656121+01:00" testType="13cdc9d9-ddb5-4fa4-a97d-d965ccfc6d4b" outcome="Passed" testListId="8c84fa94-04c1-424b-9868-57a2d4851a1d" relativeResultsDirectory="09a07ba7-01d9-4421-b782-d9ec260ff72b" />
    <UnitTestResult executionId="a56b6583-6185-4f38-af2e-45853206cfd1" testId="aa7a2ae5-4f08-6726-0872-53558d19c601" testName="FilmAholic.Tests.BoundaryTests.CinemaProximosBoundaryTests.GetCinemasProximos_AllIds_NotEmpty" computerName="DESKTOP-FM24HFT" duration="00:00:00.0017443" startTime="2026-04-11T23:29:48.2084844+01:00" endTime="2026-04-11T23:29:48.2084847+01:00" testType="13cdc9d9-ddb5-4fa4-a97d-d965ccfc6d4b" outcome="Passed" testListId="8c84fa94-04c1-424b-9868-57a2d4851a1d" relativeResultsDirectory="a56b6583-6185-4f38-af2e-45853206cfd1" />
    <UnitTestResult executionId="cf528931-c09e-4f93-8808-c97cbb0db3e7" testId="49d4ecc0-0388-2ac8-178c-97aef93f414a" testName="FilmAholic.Tests.ErrorHandlingTests.NotificacoesErrorHandlingTests.GetResumoEstatisticasFeed_SemAuth_DeveRetornarUnauthorized" computerName="DESKTOP-FM24HFT" duration="00:00:00.1675375" startTime="2026-04-11T23:29:47.2923204+01:00" endTime="2026-04-11T23:29:47.2923204+01:00" testType="13cdc9d9-ddb5-4fa4-a97d-d965ccfc6d4b" outcome="Passed" testListId="8c84fa94-04c1-424b-9868-57a2d4851a1d" relativeResultsDirectory="cf528931-c09e-4f93-8808-c97cbb0db3e7" />
    <UnitTestResult executionId="998a45b3-b7b9-4c43-8872-1a862a4ac91f" testId="eed0fe1c-06c6-1165-88ee-32d9ade60906" testName="FilmAholic.Tests.ErrorHandlingTests.GameHistoryErrorHandlingTests.GetMyHistory_Unauthenticated_ReturnsUnauthorized" computerName="DESKTOP-FM24HFT" duration="00:00:00.0007697" startTime="2026-04-11T23:29:48.4523351+01:00" endTime="2026-04-11T23:29:48.4523352+01:00" testType="13cdc9d9-ddb5-4fa4-a97d-d965ccfc6d4b" outcome="Passed" testListId="8c84fa94-04c1-424b-9868-57a2d4851a1d" relativeResultsDirectory="998a45b3-b7b9-4c43-8872-1a862a4ac91f" />
    <UnitTestResult executionId="8d01c0df-771c-4ce1-8ff1-629d977836d8" testId="a9a169f1-09d6-fcb2-4305-0ee1f9392a91" testName="FilmAholic.Tests.BoundaryTests.NotificacoesBoundaryTests.GetNotificacoesComunidadeFeed_DeveRespeitarLimitBoundary(inputLimit: 50, expectedLimit: 50)" computerName="DESKTOP-FM24HFT" duration="00:00:00.0574907" startTime="2026-04-11T23:29:48.5364656+01:00" endTime="2026-04-11T23:29:48.5364658+01:00" testType="13cdc9d9-ddb5-4fa4-a97d-d965ccfc6d4b" outcome="Passed" testListId="8c84fa94-04c1-424b-9868-57a2d4851a1d" relativeResultsDirectory="8d01c0df-771c-4ce1-8ff1-629d977836d8" />
[...]
    <TestEntry testId="ae1ad3ce-34ba-a08d-fc93-252d2dd5f60f" executionId="47dded53-a60a-46fb-97f3-93456bb60e16" testListId="8c84fa94-04c1-424b-9868-57a2d4851a1d" />
    <TestEntry testId="776521c9-13d7-4d09-8d7c-bdc09e6532dc" executionId="2f045162-3210-4bcf-b7ec-586d058ed6f0" testListId="8c84fa94-04c1-424b-9868-57a2d4851a1d" />
    <TestEntry testId="200ab7cf-cba1-b323-9871-abe3a2c39653" executionId="e324f26a-30eb-4151-aade-8afc069998b4" testListId="8c84fa94-04c1-424b-9868-57a2d4851a1d" />
    <TestEntry testId="d9a5ab6f-bca6-2185-6ae8-8de2aba494fd" executionId="22042f46-e28e-4023-a47f-88fce276a3f7" testListId="8c84fa94-04c1-424b-9868-57a2d4851a1d" />
    <TestEntry testId="e8900fed-5bef-03b1-d94a-77aacfdd2c52" executionId="7ac9c2b0-19a7-4dbb-9c61-a41717832704" testListId="8c84fa94-04c1-424b-9868-57a2d4851a1d" />
    <TestEntry testId="0be023c4-9fae-1df4-7414-a44fa306e830" executionId="8072cd5b-912e-4e6d-9c2b-ce13ffaaa0c0" testListId="8c84fa94-04c1-424b-9868-57a2d4851a1d" />
    <TestEntry testId="402c02a7-1b3e-09b4-b68f-421454e210d3" executionId="9226d194-71b3-477f-88b0-27cf4af6303d" testListId="8c84fa94-04c1-424b-9868-57a2d4851a1d" />
    <TestEntry testId="d413c5a3-3c3a-9e2e-8ca3-f210b9006cba" executionId="755b39cf-2119-45ea-a8b3-d65f39fe1acc" testListId="8c84fa94-04c1-424b-9868-57a2d4851a1d" />
    <TestEntry testId="42b185e2-adc2-611c-2962-db3bfad5d1c8" executionId="4bf5ba94-cf58-4847-8efa-dd53a209bb82" testListId="8c84fa94-04c1-424b-9868-57a2d4851a1d" />
    <TestEntry testId="6be0d746-c71c-6026-1da8-0dd229ac73b3" executionId="828559d5-7cf7-4044-9916-7f190d03b55a" testListId="8c84fa94-04c1-424b-9868-57a2d4851a1d" />
    <TestEntry testId="1733024f-b60c-d90e-3292-582f029ffcee" executionId="29042dd1-ef84-46ba-9bc8-b0a3471e4d0e" testListId="8c84fa94-04c1-424b-9868-57a2d4851a1d" />
    <TestEntry testId="a468a15c-49af-b176-5fe1-6baf450eb888" executionId="7a314a95-1bd7-4fa4-9934-90484810354d" testListId="8c84fa94-04c1-424b-9868-57a2d4851a1d" />
    <TestEntry testId="27b57f27-0008-2f24-59f6-9cf015cbc4d6" executionId="9459d597-2c31-43e9-a601-aeaca70d5ad4" testListId="8c84fa94-04c1-424b-9868-57a2d4851a1d" />
    <TestEntry testId="b3699847-d69c-f040-1d3d-ae2dd8730c49" executionId="0a25d58d-b2cf-49fc-bc4f-6ffe6c2319e9" testListId="8c84fa94-04c1-424b-9868-57a2d4851a1d" />
    <TestEntry testId="e941bf98-748b-2890-d1b5-3b481be4e7ce" executionId="1739e817-aff5-4892-98fd-8109a12a92b6" testListId="8c84fa94-04c1-424b-9868-57a2d4851a1d" />
    <TestEntry testId="930cf8e3-ba70-6bf4-1988-03dd9e94eadb" executionId="5562a160-37df-45d8-9ad3-c547e1e53eac" testListId="8c84fa94-04c1-424b-9868-57a2d4851a1d" />
    <TestEntry testId="00682870-545d-f1b7-68db-fff2f186ae1c" executionId="bac23d05-ccc8-4227-a632-1aa4a56c4001" testListId="8c84fa94-04c1-424b-9868-57a2d4851a1d" />
    <TestEntry testId="a1d67bed-a9b8-e575-020c-c2354d45cc86" executionId="25e917f8-5074-4523-b36c-06b840b6e09d" testListId="8c84fa94-04c1-424b-9868-57a2d4851a1d" />
    <TestEntry testId="08260079-55ae-9c5b-1b9c-d55e4f4e080a" executionId="25409d93-6615-49ac-8e5b-923b6ac2658b" testListId="8c84fa94-04c1-424b-9868-57a2d4851a1d" />
    <TestEntry testId="022a3ed6-eb0f-4a4a-2619-a3ee2f352a00" executionId="3f74df9b-edeb-4d8f-b63b-b61bde844098" testListId="8c84fa94-04c1-424b-9868-57a2d4851a1d" />
    <TestEntry testId="3d36597a-2b1b-8099-67a0-f2ea584e40bd" executionId="f926fea2-7b29-42fe-861f-ef2ccfefb8e7" testListId="8c84fa94-04c1-424b-9868-57a2d4851a1d" />
    <TestEntry testId="e84d2666-fbf6-8657-d8fb-aaaed9d8f598" executionId="756a2925-da7c-4ce4-980b-787129630273" testListId="8c84fa94-04c1-424b-9868-57a2d4851a1d" />
    <TestEntry testId="82a036c1-3674-a006-3339-d641ce6ba8d9" executionId="51fad2c8-6a56-4c0c-a1f3-759b6faac881" testListId="8c84fa94-04c1-424b-9868-57a2d4851a1d" />
    <TestEntry testId="06eca983-3878-09cf-53c3-a88e36e6520c" executionId="0bbafb8f-1c3f-4507-a622-281a5dbac199" testListId="8c84fa94-04c1-424b-9868-57a2d4851a1d" />
    <TestEntry testId="1ec76143-af1b-5047-68f9-cdeeceaed63f" executionId="a48d4b36-5fb3-49df-88a1-0349db84cdfd" testListId="8c84fa94-04c1-424b-9868-57a2d4851a1d" />
    <TestEntry testId="8336b88f-e2d8-a557-f00c-bcc20079a8a1" executionId="3d2d4180-a3ff-4e6c-974e-32bc43aefb49" testListId="8c84fa94-04c1-424b-9868-57a2d4851a1d" />
    <TestEntry testId="37a83ea0-b4b5-e68c-8358-bf04be191598" executionId="f99b111e-c954-41f2-96d3-3f4ae897b5ca" testListId="8c84fa94-04c1-424b-9868-57a2d4851a1d" />
    <TestEntry testId="0c181453-1326-f0d6-9943-92262032f1d8" executionId="27dca3df-2db8-400f-acd1-05ac519d9c89" testListId="8c84fa94-04c1-424b-9868-57a2d4851a1d" />
    <TestEntry testId="bc72b510-277a-b0cd-5823-e2fa2b123959" executionId="7323978f-f542-4f29-a048-5e0d18f2a091" testListId="8c84fa94-04c1-424b-9868-57a2d4851a1d" />
    <TestEntry testId="b96cbf4b-c03f-5b9e-413d-2ab1bc151e15" executionId="5ea6e7f3-fd00-4eca-931f-2226b5f420be" testListId="8c84fa94-04c1-424b-9868-57a2d4851a1d" />
    <TestEntry testId="20153262-5374-a739-b02c-a340eee647a5" executionId="91a2c6e9-c352-4b15-9295-61d9dabb1ec6" testListId="8c84fa94-04c1-424b-9868-57a2d4851a1d" />
    <TestEntry testId="3d462fac-7d04-94e5-0747-c1dd8104348b" executionId="89c05e81-6452-4771-b949-d3279720e7a7" testListId="8c84fa94-04c1-424b-9868-57a2d4851a1d" />
    <TestEntry testId="f5bfd00b-f900-0210-3347-256ffeb9baf2" executionId="a3825d27-c8c3-4065-a49a-61892c1a4030" testListId="8c84fa94-04c1-424b-9868-57a2d4851a1d" />
    <TestEntry testId="20ee6a26-6cbd-8e84-38d5-38f4a106af23" executionId="b75bc292-2164-45c7-aacc-760ba2254cfe" testListId="8c84fa94-04c1-424b-9868-57a2d4851a1d" />
    <TestEntry testId="1211f9b8-348d-ad74-e681-8c1ae4eb2f05" executionId="9e84b358-65d5-40a4-97f3-b04cdf963f48" testListId="8c84fa94-04c1-424b-9868-57a2d4851a1d" />
    <TestEntry testId="5155797a-cd81-fbff-a096-36186d53f794" executionId="509f1548-8071-4f3c-8067-8aad03d430d2" testListId="8c84fa94-04c1-424b-9868-57a2d4851a1d" />
    <TestEntry testId="84113a84-a792-ba50-370d-9be79422df87" executionId="427a1373-e475-42d7-a03a-305e37d2bdc2" testListId="8c84fa94-04c1-424b-9868-57a2d4851a1d" />
    <TestEntry testId="7c25d78f-69ca-2f7f-e9ac-d8f64f55a831" executionId="3247cdfa-4fa6-4ba5-b55e-5580f29b0053" testListId="8c84fa94-04c1-424b-9868-57a2d4851a1d" />
    <TestEntry testId="27a62bae-4381-8f40-fa81-6f79bea3979d" executionId="13b9db68-4fb7-4b0c-89a0-5eb45ba536d2" testListId="8c84fa94-04c1-424b-9868-57a2d4851a1d" />
    <TestEntry testId="a8d8aad4-ce33-1095-ddcc-49303ccb5241" executionId="47fb2480-5b80-4b01-b34f-95ac0ae733b6" testListId="8c84fa94-04c1-424b-9868-57a2d4851a1d" />
    <TestEntry testId="1b6a4699-95c9-0e3d-c2dd-d10337227e53" executionId="9e21aa06-2abc-4631-9834-4eb781d2544b" testListId="8c84fa94-04c1-424b-9868-57a2d4851a1d" />
    <TestEntry testId="c2361322-beb1-0a31-0a9e-f5dc0c5ef7e2" executionId="0fb4ff2c-a848-4d6f-bb23-e200c9dfb463" testListId="8c84fa94-04c1-424b-9868-57a2d4851a1d" />
    <TestEntry testId="41902700-303a-de67-52c0-0c849cb5b8b5" executionId="c4d5c232-d3f7-4a8f-8f97-24d978aee0cf" testListId="8c84fa94-04c1-424b-9868-57a2d4851a1d" />
    <TestEntry testId="fbe55a95-c5b2-3920-d0ee-4cab32b9406e" executionId="05977a96-4d8b-4939-be47-979008ac55a0" testListId="8c84fa94-04c1-424b-9868-57a2d4851a1d" />
    <TestEntry testId="446c1acd-bbf2-8a72-fc8f-02374c9ba231" executionId="2dda2d88-7a38-45d8-988a-0e65186fcbd1" testListId="8c84fa94-04c1-424b-9868-57a2d4851a1d" />
    <TestEntry testId="4bc95c5f-1cb2-b9df-c9a4-a0f2a1098946" executionId="57b9ec00-b43e-4223-b00b-ac4383c51e76" testListId="8c84fa94-04c1-424b-9868-57a2d4851a1d" />
    <TestEntry testId="089712ab-a153-da83-cd20-df4739db2607" executionId="1d527808-7315-4c45-871a-bdb0392c2994" testListId="8c84fa94-04c1-424b-9868-57a2d4851a1d" />
    <TestEntry testId="8f689e67-41e4-99e8-3804-015e37936bf6" executionId="a59979f6-f5d8-42d6-a5fd-a500ba4a1e85" testListId="8c84fa94-04c1-424b-9868-57a2d4851a1d" />
    <TestEntry testId="99e0a5d7-d87c-68d7-8b27-674ebcf83a67" executionId="7ae22c9f-9c4a-405d-8862-a0d07aa8a47f" testListId="8c84fa94-04c1-424b-9868-57a2d4851a1d" />
    <TestEntry testId="6db777d0-9f7d-5964-45bf-e6b8ca7eace3" executionId="19524c17-1146-422c-8031-01df78affb38" testListId="8c84fa94-04c1-424b-9868-57a2d4851a1d" />
    <TestEntry testId="6368fba5-365b-7946-c160-4af2954679ce" executionId="329b3476-6da2-4143-8e79-96c2e8499d6c" testListId="8c84fa94-04c1-424b-9868-57a2d4851a1d" />
    <TestEntry testId="6cea9470-8f02-3e9d-0574-6961ebd9d124" executionId="baff398e-9979-4fca-bca3-29d48baba894" testListId="8c84fa94-04c1-424b-9868-57a2d4851a1d" />
    <TestEntry testId="1f528a04-a59e-6486-5377-fd660b26a03f" executionId="359b8192-7698-46d0-842c-b3a526ab3ccf" testListId="8c84fa94-04c1-424b-9868-57a2d4851a1d" />
    <TestEntry testId="5bd7d93d-bde7-0cfe-2d8c-dbf042b96944" executionId="ad22515e-d783-427f-a6ca-972574b2dfb0" testListId="8c84fa94-04c1-424b-9868-57a2d4851a1d" />
    <TestEntry testId="c6e30f8d-95a5-4e34-a91e-8b92c9b6b90a" executionId="a3a56024-dc25-4e13-a1fd-3c2394056424" testListId="8c84fa94-04c1-424b-9868-57a2d4851a1d" />
    <TestEntry testId="2fd96913-4b52-7d44-8a6c-eeb176a94b4a" executionId="34071134-ea84-420f-b1ea-8a6a4e0bb912" testListId="8c84fa94-04c1-424b-9868-57a2d4851a1d" />
    <TestEntry testId="cb0f64fd-3c1f-bf6d-807b-817aa5965885" executionId="8a61a7d4-0cc4-48bf-8c49-6935354dcffc" testListId="8c84fa94-04c1-424b-9868-57a2d4851a1d" />
    <TestEntry testId="c20c680b-b5fc-e6f4-0fd9-04899f0738ad" executionId="48638f8e-d0a6-4065-b6fa-8e4b22553946" testListId="8c84fa94-04c1-424b-9868-57a2d4851a1d" />
    <TestEntry testId="b22f635d-170b-1cd6-29d0-bb0d7280c7fa" executionId="e858ca01-436e-4b88-948b-8338c9facf6b" testListId="8c84fa94-04c1-424b-9868-57a2d4851a1d" />
    <TestEntry testId="6f35b897-90b3-ef7b-7d73-dd2e73938c4b" executionId="2cb08885-27d5-4b96-ac4b-a869c1c0a4f8" testListId="8c84fa94-04c1-424b-9868-57a2d4851a1d" />
    <TestEntry testId="04c6d96a-beef-6f70-6c8c-4501569f2246" executionId="84d01a1f-4395-47a9-a0b2-2adc9b8f6dd4" testListId="8c84fa94-04c1-424b-9868-57a2d4851a1d" />
    <TestEntry testId="af79e2b4-f6fb-3d90-55a1-4a849de4217a" executionId="29b8d403-1119-49d1-beea-98f645740b98" testListId="8c84fa94-04c1-424b-9868-57a2d4851a1d" />
    <TestEntry testId="0997b17e-683b-837c-393f-d19aa87963f6" executionId="ea0799c5-bd27-42ba-a484-ace9de0ffbf8" testListId="8c84fa94-04c1-424b-9868-57a2d4851a1d" />
    <TestEntry testId="84b6e444-d8a4-2861-4100-7258e63900be" executionId="6c191f94-3499-4036-b8c3-7ac85761a375" testListId="8c84fa94-04c1-424b-9868-57a2d4851a1d" />
    <TestEntry testId="d8a3b8bb-ab4e-e433-2fb9-e66d4ec706b0" executionId="920b81d3-523d-403e-8b1c-41efa6d1321f" testListId="8c84fa94-04c1-424b-9868-57a2d4851a1d" />
    <TestEntry testId="cb1f7936-bbe3-ae23-a39c-6d417225514b" executionId="d9fb51b5-3379-47fe-8600-c3547b20fb50" testListId="8c84fa94-04c1-424b-9868-57a2d4851a1d" />
    <TestEntry testId="b1aeb032-ef89-636a-8d8e-45100c004710" executionId="f25ec4bf-a832-4b88-8f56-ff9475e0cca2" testListId="8c84fa94-04c1-424b-9868-57a2d4851a1d" />
    <TestEntry testId="3e689cb1-5549-37c9-1759-d029f4a15232" executionId="69ec46d4-b592-461f-88f7-2bf6b17c27ed" testListId="8c84fa94-04c1-424b-9868-57a2d4851a1d" />
    <TestEntry testId="5541b570-d97e-10bc-a9fb-03701c32e4cd" executionId="68ee8ff5-183d-4392-939b-92bd7e287624" testListId="8c84fa94-04c1-424b-9868-57a2d4851a1d" />
    <TestEntry testId="c756f6ce-abd1-5943-1c5a-31d6b7eff7f0" executionId="be7280dd-efc6-40aa-b073-95063a8ec753" testListId="8c84fa94-04c1-424b-9868-57a2d4851a1d" />
    <TestEntry testId="5328e83e-aa8d-a635-be9f-b4946969bd29" executionId="b19bade9-34e8-440b-af9e-453ec923df92" testListId="8c84fa94-04c1-424b-9868-57a2d4851a1d" />
    <TestEntry testId="104ff1c2-3b6d-e0b9-e026-b43b439727df" executionId="ec7321fb-7cfd-41b4-83d9-bbaa632d230e" testListId="8c84fa94-04c1-424b-9868-57a2d4851a1d" />
    <TestEntry testId="7c882073-a39b-ddb9-090f-d109d31f8ff6" executionId="50329d57-856e-4fe7-991a-c43c103528f8" testListId="8c84fa94-04c1-424b-9868-57a2d4851a1d" />
    <TestEntry testId="f57d4e6e-d3ff-bf53-6d4d-bc18b620a5be" executionId="f0aac9a1-9869-4d94-a464-ff68e6ab0314" testListId="8c84fa94-04c1-424b-9868-57a2d4851a1d" />
    <TestEntry testId="299df25f-e4ef-87e6-deef-2890612a2ac5" executionId="ae018214-2fc1-49b0-b543-ac28bb7e6b52" testListId="8c84fa94-04c1-424b-9868-57a2d4851a1d" />
    <TestEntry testId="e81ee0c5-3212-56ec-a59d-2a5989184ec2" executionId="62e53d56-68da-40df-80ff-843ba346130d" testListId="8c84fa94-04c1-424b-9868-57a2d4851a1d" />
    <TestEntry testId="4fd35e89-1101-cca2-0af9-ad85582f0a3d" executionId="2c4ae1f1-6782-4b21-ba67-b1cecc7e9ee0" testListId="8c84fa94-04c1-424b-9868-57a2d4851a1d" />
    <TestEntry testId="6a729c5e-b6f1-c65e-7e0a-cc9b10c59cd9" executionId="a0a71c37-d64d-44f4-805a-0781c92e75b8" testListId="8c84fa94-04c1-424b-9868-57a2d4851a1d" />
    <TestEntry testId="a5355764-9076-d17c-07fe-651b6ee80483" executionId="e82aea02-aca9-498d-b2b1-a027418b26ea" testListId="8c84fa94-04c1-424b-9868-57a2d4851a1d" />
    <TestEntry testId="3cd17aae-7d40-8984-b9bb-64dd75fd7a2f" executionId="09d0a153-e1b4-497c-b7f2-3529a959c8a0" testListId="8c84fa94-04c1-424b-9868-57a2d4851a1d" />
    <TestEntry testId="f1943f56-950a-bfc0-7293-fc23427216f1" executionId="5671bbe4-9c6a-488d-8a08-8432bfb1b62b" testListId="8c84fa94-04c1-424b-9868-57a2d4851a1d" />
    <TestEntry testId="89859ce7-e571-14fb-ae28-5eaa4db76d59" executionId="bb22e21c-c128-4df3-99ee-129fbe179d95" testListId="8c84fa94-04c1-424b-9868-57a2d4851a1d" />
    <TestEntry testId="a7d17fa5-88d7-7369-66bd-b0ec004af9f4" executionId="d6c3982b-a61d-44c4-ae5e-83686821d4ca" testListId="8c84fa94-04c1-424b-9868-57a2d4851a1d" />
    <TestEntry testId="a96a33f7-3c85-2b03-f0bd-267a040f2733" executionId="fee61704-a752-4e7b-94eb-b489f6b525e9" testListId="8c84fa94-04c1-424b-9868-57a2d4851a1d" />
    <TestEntry testId="4f739c16-b019-418f-0148-10760af7de7d" executionId="e62f09f4-c381-4261-a17c-2255704dfc86" testListId="8c84fa94-04c1-424b-9868-57a2d4851a1d" />
    <TestEntry testId="f4f02268-3217-9dc1-285f-2a7d8371eb72" executionId="ad84a206-1d5e-453d-bd7e-2e3733a7a457" testListId="8c84fa94-04c1-424b-9868-57a2d4851a1d" />
    <TestEntry testId="e5683e6a-73d2-4068-5753-9dce1495fc75" executionId="0279d3b8-07f2-4e71-bfef-df6d84aecca8" testListId="8c84fa94-04c1-424b-9868-57a2d4851a1d" />
    <TestEntry testId="65553d25-d9a8-2899-725f-98b17fde6c59" executionId="f996f46f-7e50-48bd-aaa2-c1edacb34bb8" testListId="8c84fa94-04c1-424b-9868-57a2d4851a1d" />
    <TestEntry testId="d7288cbd-c182-51a7-a34b-2df82787f15e" executionId="78f650f6-95e8-4c89-829c-5f8a5f076ec2" testListId="8c84fa94-04c1-424b-9868-57a2d4851a1d" />
    <TestEntry testId="d28e1f2e-c8f4-d521-5d1c-68ea14438009" executionId="9f644da1-c57b-4cf4-bcfb-f01d0f2efeb1" testListId="8c84fa94-04c1-424b-9868-57a2d4851a1d" />
    <TestEntry testId="afc4480e-6387-3104-bfac-33e997e7b840" executionId="ec1fccf0-62a5-47e8-ad32-58a115303019" testListId="8c84fa94-04c1-424b-9868-57a2d4851a1d" />
    <TestEntry testId="28b2e369-2ae6-bc8e-19ac-11d26e0cba08" executionId="75dfc629-b02a-4830-97bc-0b7c646cb7ea" testListId="8c84fa94-04c1-424b-9868-57a2d4851a1d" />
    <TestEntry testId="b9f6912a-030c-8d39-5602-76a99d982d25" executionId="f0a815c0-8b91-4010-a9c7-a236f23df59b" testListId="8c84fa94-04c1-424b-9868-57a2d4851a1d" />
    <TestEntry testId="720ff44b-987a-897b-7021-7c9d335dcfeb" executionId="b2f296c4-a667-4ee8-b07d-3c2351ece340" testListId="8c84fa94-04c1-424b-9868-57a2d4851a1d" />
    <TestEntry testId="8a6e538c-48e2-c073-bef4-2be672eee3c5" executionId="f8dd5a1c-fbe3-448d-a228-4af2a4cfda97" testListId="8c84fa94-04c1-424b-9868-57a2d4851a1d" />
    <TestEntry testId="23f94f48-f606-789d-1798-749f462d2530" executionId="e2873727-81c1-4610-9bf8-f49a74131fb3" testListId="8c84fa94-04c1-424b-9868-57a2d4851a1d" />
    <TestEntry testId="87afd250-1adb-85d0-f9a2-9b00065fec25" executionId="ff6438bc-3e00-4a84-956e-044d6800acab" testListId="8c84fa94-04c1-424b-9868-57a2d4851a1d" />
    <TestEntry testId="4dfb34a9-1c0b-2b18-1d0d-0a6f81f7c6db" executionId="9e31faa1-5099-45d6-8ab5-fd3616d10fd8" testListId="8c84fa94-04c1-424b-9868-57a2d4851a1d" />
    <TestEntry testId="958b97b8-56d4-41dc-a54e-58df0ab78f94" executionId="aeeaf6d7-0a24-4e7b-a6a8-2f7c2471bdce" testListId="8c84fa94-04c1-424b-9868-57a2d4851a1d" />
  </TestEntries>
  <TestLists>
    <TestList name="Results Not in a List" id="8c84fa94-04c1-424b-9868-57a2d4851a1d" />
    <TestList name="All Loaded Results" id="19431567-8539-422a-85d7-44ee4e166bda" />
  </TestLists>
  <ResultSummary outcome="Failed">
    <Counters total="359" executed="359" passed="356" failed="3" error="0" timeout="0" aborted="0" inconclusive="0" passedButRunAborted="0" notRunnable="0" notExecuted="0" disconnected="0" warning="0" completed="0" inProgress="0" pending="0" />
    <Output>
      <StdOut>[xUnit.net 00:00:00.00] xUnit.net VSTest Adapter v2.5.3.1+6b60a9e56a (64-bit .NET 8.0.22)&#xD;
[xUnit.net 00:00:00.16]   Discovering: FilmAholic.Tests&#xD;
[xUnit.net 00:00:00.31]   Discovered:  FilmAholic.Tests&#xD;
[xUnit.net 00:00:00.32]   Starting:    FilmAholic.Tests&#xD;
[xUnit.net 00:00:01.73]       Assert.Single() Failure: The collection was empty&#xD;
[xUnit.net 00:00:01.73]       Stack Trace:&#xD;
[xUnit.net 00:00:01.73]         C:\Users\Helder\Documents\Faculdade\3ano recap\ESA\Projeto-FilmAholic\FilmAholic.Tests\UnitTests\NotificacoesUnitTests.cs(334,0): at FilmAholic.Tests.UnitTests.NotificacoesUnitTests.GetResumoEstatisticasFeed_DeveRetornarFeedsSeparados()&#xD;
[xUnit.net 00:00:01.73]         --- End of stack trace from previous location ---&#xD;
[xUnit.net 00:00:01.83]       Assert.Empty() Failure: Collection was not empty&#xD;
[xUnit.net 00:00:01.83]       Collection: [CommentDTO { CanEdit = True, DataCriacao = 2026-04-11T22:29:48.4572791Z, DataEdicao = null, DislikeCount = 0, FotoPerfilUrl = null, ··· }]&#xD;
[xUnit.net 00:00:01.83]       Stack Trace:&#xD;
[xUnit.net 00:00:01.83]         C:\Users\Helder\Documents\Faculdade\3ano recap\ESA\Projeto-FilmAholic\FilmAholic.Tests\DataIntegrityTests\CommentDataIntegrityTests.cs(134,0): at FilmAholic.Tests.DataIntegrityTests.CommentDataIntegrityTests.Comment_ComFilmeInexistente_DeveSerDetectado()&#xD;
[xUnit.net 00:00:01.83]         --- End of stack trace from previous location ---&#xD;
[xUnit.net 00:00:01.89]       Assert.True() Failure&#xD;
[xUnit.net 00:00:01.89]       Expected: True&#xD;
[xUnit.net 00:00:01.89]       Actual:   False&#xD;
[xUnit.net 00:00:01.89]       Stack Trace:&#xD;
[xUnit.net 00:00:01.89]         C:\Users\Helder\Documents\Faculdade\3ano recap\ESA\Projeto-FilmAholic\FilmAholic.Tests\BoundaryTests\NotificacoesBoundaryTests.cs(440,0): at FilmAholic.Tests.BoundaryTests.NotificacoesBoundaryTests.GetReminderJogoFeed_DeveLimitarA5Notificacoes()&#xD;
[xUnit.net 00:00:01.89]         --- End of stack trace from previous location ---&#xD;
[xUnit.net 00:00:05.75]   Finished:    FilmAholic.Tests&#xD;
</StdOut>
    </Output>
    <RunInfos>
      <RunInfo computerName="DESKTOP-FM24HFT" outcome="Error" timestamp="2026-04-11T23:29:48.4670158+01:00">
        <Text>[xUnit.net 00:00:01.72]     FilmAholic.Tests.UnitTests.NotificacoesUnitTests.GetResumoEstatisticasFeed_DeveRetornarFeedsSeparados [FAIL]</Text>
      </RunInfo>
      <RunInfo computerName="DESKTOP-FM24HFT" outcome="Error" timestamp="2026-04-11T23:29:48.5718045+01:00">
        <Text>[xUnit.net 00:00:01.83]     FilmAholic.Tests.DataIntegrityTests.CommentDataIntegrityTests.Comment_ComFilmeInexistente_DeveSerDetectado [FAIL]</Text>
      </RunInfo>
      <RunInfo computerName="DESKTOP-FM24HFT" outcome="Error" timestamp="2026-04-11T23:29:48.6299780+01:00">
        <Text>[xUnit.net 00:00:01.89]     FilmAholic.Tests.BoundaryTests.NotificacoesBoundaryTests.GetReminderJogoFeed_DeveLimitarA5Notificacoes [FAIL]</Text>
      </RunInfo>
    </RunInfos>
  </ResultSummary>
</TestRun>